2020-09-16 19:09:38 Error: [RuntimeException] Unknown command `cake migration`. Run `cake --help` to get the list of valid commands. in /var/www/html/creche/vendor/cakephp/cakephp/src/Console/CommandRunner.php on line 346
Stack Trace:
#0 /var/www/html/creche/vendor/cakephp/cakephp/src/Console/CommandRunner.php(157): Cake\Console\CommandRunner->resolveName(Object(Cake\Console\CommandCollection), Object(Cake\Console\ConsoleIo), 'migration')
#1 /var/www/html/creche/bin/cake.php(12): Cake\Console\CommandRunner->run(Array)
#2 {main}


2020-09-22 19:03:02 Error: [InvalidArgumentException] There was a problem connecting to the database: SQLSTATE[HY000] [1698] Access denied for user 'root'@'localhost' in /var/www/html/MVC/vendor/robmorgan/phinx/src/Phinx/Db/Adapter/MysqlAdapter.php on line 127
Stack Trace:
#0 /var/www/html/MVC/vendor/robmorgan/phinx/src/Phinx/Db/Adapter/PdoAdapter.php(136): Phinx\Db\Adapter\MysqlAdapter->connect()
#1 /var/www/html/MVC/vendor/robmorgan/phinx/src/Phinx/Db/Adapter/AdapterWrapper.php(469): Phinx\Db\Adapter\PdoAdapter->getConnection()
#2 /var/www/html/MVC/vendor/cakephp/migrations/src/CakeAdapter.php(56): Phinx\Db\Adapter\AdapterWrapper->getConnection()
#3 /var/www/html/MVC/vendor/cakephp/migrations/src/Command/CommandTrait.php(78): Migrations\CakeAdapter->__construct(Object(Phinx\Db\Adapter\TimedOutputAdapter), Object(Cake\Database\Connection))
#4 /var/www/html/MVC/vendor/robmorgan/phinx/src/Phinx/Console/Command/Migrate.php(74): Migrations\Command\Migrate->bootstrap(Object(Symfony\Component\Console\Input\ArgvInput), Object(Symfony\Component\Console\Output\ConsoleOutput))
#5 /var/www/html/MVC/vendor/cakephp/migrations/src/Command/CommandTrait.php(35): Phinx\Console\Command\Migrate->execute(Object(Symfony\Component\Console\Input\ArgvInput), Object(Symfony\Component\Console\Output\ConsoleOutput))
#6 /var/www/html/MVC/vendor/cakephp/migrations/src/Command/Migrate.php(67): Migrations\Command\Migrate->parentExecute(Object(Symfony\Component\Console\Input\ArgvInput), Object(Symfony\Component\Console\Output\ConsoleOutput))
#7 /var/www/html/MVC/vendor/symfony/console/Command/Command.php(255): Migrations\Command\Migrate->execute(Object(Symfony\Component\Console\Input\ArgvInput), Object(Symfony\Component\Console\Output\ConsoleOutput))
#8 /var/www/html/MVC/vendor/symfony/console/Application.php(969): Symfony\Component\Console\Command\Command->run(Object(Symfony\Component\Console\Input\ArgvInput), Object(Symfony\Component\Console\Output\ConsoleOutput))
#9 /var/www/html/MVC/vendor/symfony/console/Application.php(255): Symfony\Component\Console\Application->doRunCommand(Object(Migrations\Command\Migrate), Object(Symfony\Component\Console\Input\ArgvInput), Object(Symfony\Component\Console\Output\ConsoleOutput))
#10 /var/www/html/MVC/vendor/symfony/console/Application.php(148): Symfony\Component\Console\Application->doRun(Object(Symfony\Component\Console\Input\ArgvInput), Object(Symfony\Component\Console\Output\ConsoleOutput))
#11 /var/www/html/MVC/vendor/cakephp/migrations/src/Shell/MigrationsShell.php(108): Symfony\Component\Console\Application->run(Object(Symfony\Component\Console\Input\ArgvInput), Object(Symfony\Component\Console\Output\ConsoleOutput))
#12 /var/www/html/MVC/vendor/cakephp/cakephp/src/Console/Shell.php(532): Migrations\Shell\MigrationsShell->main('migrations', 'migrate')
#13 /var/www/html/MVC/vendor/cakephp/migrations/src/Shell/MigrationsShell.php(164): Cake\Console\Shell->runCommand(Array, true, Array)
#14 /var/www/html/MVC/vendor/cakephp/cakephp/src/Console/CommandRunner.php(384): Migrations\Shell\MigrationsShell->runCommand(Array, true)
#15 /var/www/html/MVC/vendor/cakephp/cakephp/src/Console/CommandRunner.php(162): Cake\Console\CommandRunner->runShell(Object(Migrations\Shell\MigrationsShell), Array)
#16 /var/www/html/MVC/bin/cake.php(12): Cake\Console\CommandRunner->run(Array)
#17 {main}


2020-09-22 19:11:03 Warning: Warning (2): Use of undefined constant DEVELOPMENT - assumed 'DEVELOPMENT' (this will throw an Error in a future version of PHP) in [/var/www/html/MVC/config/Migrations/20200922153000_CreateUsuario.php, line 24]
Trace:
Cake\Error\BaseErrorHandler::handleError() - CORE/src/Error/BaseErrorHandler.php, line 159
CreateUsuario::down() - ROOT/config/Migrations/20200922153000_CreateUsuario.php, line 24
Phinx\Migration\Manager\Environment::executeMigration() - ROOT/vendor/robmorgan/phinx/src/Phinx/Migration/Manager/Environment.php, line 128
Phinx\Migration\Manager::executeMigration() - ROOT/vendor/robmorgan/phinx/src/Phinx/Migration/Manager.php, line 387
Phinx\Migration\Manager::rollback() - ROOT/vendor/robmorgan/phinx/src/Phinx/Migration/Manager.php, line 529
Phinx\Console\Command\Rollback::execute() - ROOT/vendor/robmorgan/phinx/src/Phinx/Console/Command/Rollback.php, line 130
Migrations\Command\Rollback::parentExecute() - ROOT/vendor/cakephp/migrations/src/Command/CommandTrait.php, line 35
Migrations\Command\Rollback::execute() - ROOT/vendor/cakephp/migrations/src/Command/Rollback.php, line 68
Symfony\Component\Console\Command\Command::run() - ROOT/vendor/symfony/console/Command/Command.php, line 255
Symfony\Component\Console\Application::doRunCommand() - ROOT/vendor/symfony/console/Application.php, line 969
Symfony\Component\Console\Application::doRun() - ROOT/vendor/symfony/console/Application.php, line 255
Symfony\Component\Console\Application::run() - ROOT/vendor/symfony/console/Application.php, line 148
Migrations\Shell\MigrationsShell::main() - ROOT/vendor/cakephp/migrations/src/Shell/MigrationsShell.php, line 108
Cake\Console\Shell::runCommand() - CORE/src/Console/Shell.php, line 532
Migrations\Shell\MigrationsShell::runCommand() - ROOT/vendor/cakephp/migrations/src/Shell/MigrationsShell.php, line 164
Cake\Console\CommandRunner::runShell() - CORE/src/Console/CommandRunner.php, line 384
Cake\Console\CommandRunner::run() - CORE/src/Console/CommandRunner.php, line 162
[main] - ROOT/bin/cake.php, line 12



2020-09-22 19:11:03 Error: [Error] Class 'MigrationUtils' not found in /var/www/html/MVC/config/Migrations/20200922153000_CreateUsuario.php on line 26
Stack Trace:
#0 /var/www/html/MVC/vendor/robmorgan/phinx/src/Phinx/Migration/Manager/Environment.php(128): CreateUsuario->down()
#1 /var/www/html/MVC/vendor/robmorgan/phinx/src/Phinx/Migration/Manager.php(387): Phinx\Migration\Manager\Environment->executeMigration(Object(CreateUsuario), 'down', false)
#2 /var/www/html/MVC/vendor/robmorgan/phinx/src/Phinx/Migration/Manager.php(529): Phinx\Migration\Manager->executeMigration('default', Object(CreateUsuario), 'down', false)
#3 /var/www/html/MVC/vendor/robmorgan/phinx/src/Phinx/Console/Command/Rollback.php(130): Phinx\Migration\Manager->rollback('default', 0, false, true, false)
#4 /var/www/html/MVC/vendor/cakephp/migrations/src/Command/CommandTrait.php(35): Phinx\Console\Command\Rollback->execute(Object(Symfony\Component\Console\Input\ArgvInput), Object(Symfony\Component\Console\Output\ConsoleOutput))
#5 /var/www/html/MVC/vendor/cakephp/migrations/src/Command/Rollback.php(68): Migrations\Command\Rollback->parentExecute(Object(Symfony\Component\Console\Input\ArgvInput), Object(Symfony\Component\Console\Output\ConsoleOutput))
#6 /var/www/html/MVC/vendor/symfony/console/Command/Command.php(255): Migrations\Command\Rollback->execute(Object(Symfony\Component\Console\Input\ArgvInput), Object(Symfony\Component\Console\Output\ConsoleOutput))
#7 /var/www/html/MVC/vendor/symfony/console/Application.php(969): Symfony\Component\Console\Command\Command->run(Object(Symfony\Component\Console\Input\ArgvInput), Object(Symfony\Component\Console\Output\ConsoleOutput))
#8 /var/www/html/MVC/vendor/symfony/console/Application.php(255): Symfony\Component\Console\Application->doRunCommand(Object(Migrations\Command\Rollback), Object(Symfony\Component\Console\Input\ArgvInput), Object(Symfony\Component\Console\Output\ConsoleOutput))
#9 /var/www/html/MVC/vendor/symfony/console/Application.php(148): Symfony\Component\Console\Application->doRun(Object(Symfony\Component\Console\Input\ArgvInput), Object(Symfony\Component\Console\Output\ConsoleOutput))
#10 /var/www/html/MVC/vendor/cakephp/migrations/src/Shell/MigrationsShell.php(108): Symfony\Component\Console\Application->run(Object(Symfony\Component\Console\Input\ArgvInput), Object(Symfony\Component\Console\Output\ConsoleOutput))
#11 /var/www/html/MVC/vendor/cakephp/cakephp/src/Console/Shell.php(532): Migrations\Shell\MigrationsShell->main('migrations', 'rollback')
#12 /var/www/html/MVC/vendor/cakephp/migrations/src/Shell/MigrationsShell.php(164): Cake\Console\Shell->runCommand(Array, true, Array)
#13 /var/www/html/MVC/vendor/cakephp/cakephp/src/Console/CommandRunner.php(384): Migrations\Shell\MigrationsShell->runCommand(Array, true)
#14 /var/www/html/MVC/vendor/cakephp/cakephp/src/Console/CommandRunner.php(162): Cake\Console\CommandRunner->runShell(Object(Migrations\Shell\MigrationsShell), Array)
#15 /var/www/html/MVC/bin/cake.php(12): Cake\Console\CommandRunner->run(Array)
#16 {main}


2020-09-22 19:13:02 Warning: Warning (2): Use of undefined constant DEVELOPMENT - assumed 'DEVELOPMENT' (this will throw an Error in a future version of PHP) in [/var/www/html/MVC/config/Migrations/20200922153000_CreateUsuario.php, line 24]
Trace:
Cake\Error\BaseErrorHandler::handleError() - CORE/src/Error/BaseErrorHandler.php, line 159
CreateUsuario::down() - ROOT/config/Migrations/20200922153000_CreateUsuario.php, line 24
Phinx\Migration\Manager\Environment::executeMigration() - ROOT/vendor/robmorgan/phinx/src/Phinx/Migration/Manager/Environment.php, line 128
Phinx\Migration\Manager::executeMigration() - ROOT/vendor/robmorgan/phinx/src/Phinx/Migration/Manager.php, line 387
Phinx\Migration\Manager::rollback() - ROOT/vendor/robmorgan/phinx/src/Phinx/Migration/Manager.php, line 529
Phinx\Console\Command\Rollback::execute() - ROOT/vendor/robmorgan/phinx/src/Phinx/Console/Command/Rollback.php, line 130
Migrations\Command\Rollback::parentExecute() - ROOT/vendor/cakephp/migrations/src/Command/CommandTrait.php, line 35
Migrations\Command\Rollback::execute() - ROOT/vendor/cakephp/migrations/src/Command/Rollback.php, line 68
Symfony\Component\Console\Command\Command::run() - ROOT/vendor/symfony/console/Command/Command.php, line 255
Symfony\Component\Console\Application::doRunCommand() - ROOT/vendor/symfony/console/Application.php, line 969
Symfony\Component\Console\Application::doRun() - ROOT/vendor/symfony/console/Application.php, line 255
Symfony\Component\Console\Application::run() - ROOT/vendor/symfony/console/Application.php, line 148
Migrations\Shell\MigrationsShell::main() - ROOT/vendor/cakephp/migrations/src/Shell/MigrationsShell.php, line 108
Cake\Console\Shell::runCommand() - CORE/src/Console/Shell.php, line 532
Migrations\Shell\MigrationsShell::runCommand() - ROOT/vendor/cakephp/migrations/src/Shell/MigrationsShell.php, line 164
Cake\Console\CommandRunner::runShell() - CORE/src/Console/CommandRunner.php, line 384
Cake\Console\CommandRunner::run() - CORE/src/Console/CommandRunner.php, line 162
[main] - ROOT/bin/cake.php, line 12



2020-09-22 19:13:02 Error: [Error] Class 'MigrationUtils' not found in /var/www/html/MVC/config/Migrations/20200922153000_CreateUsuario.php on line 26
Stack Trace:
#0 /var/www/html/MVC/vendor/robmorgan/phinx/src/Phinx/Migration/Manager/Environment.php(128): CreateUsuario->down()
#1 /var/www/html/MVC/vendor/robmorgan/phinx/src/Phinx/Migration/Manager.php(387): Phinx\Migration\Manager\Environment->executeMigration(Object(CreateUsuario), 'down', false)
#2 /var/www/html/MVC/vendor/robmorgan/phinx/src/Phinx/Migration/Manager.php(529): Phinx\Migration\Manager->executeMigration('default', Object(CreateUsuario), 'down', false)
#3 /var/www/html/MVC/vendor/robmorgan/phinx/src/Phinx/Console/Command/Rollback.php(130): Phinx\Migration\Manager->rollback('default', 0, false, true, false)
#4 /var/www/html/MVC/vendor/cakephp/migrations/src/Command/CommandTrait.php(35): Phinx\Console\Command\Rollback->execute(Object(Symfony\Component\Console\Input\ArgvInput), Object(Symfony\Component\Console\Output\ConsoleOutput))
#5 /var/www/html/MVC/vendor/cakephp/migrations/src/Command/Rollback.php(68): Migrations\Command\Rollback->parentExecute(Object(Symfony\Component\Console\Input\ArgvInput), Object(Symfony\Component\Console\Output\ConsoleOutput))
#6 /var/www/html/MVC/vendor/symfony/console/Command/Command.php(255): Migrations\Command\Rollback->execute(Object(Symfony\Component\Console\Input\ArgvInput), Object(Symfony\Component\Console\Output\ConsoleOutput))
#7 /var/www/html/MVC/vendor/symfony/console/Application.php(969): Symfony\Component\Console\Command\Command->run(Object(Symfony\Component\Console\Input\ArgvInput), Object(Symfony\Component\Console\Output\ConsoleOutput))
#8 /var/www/html/MVC/vendor/symfony/console/Application.php(255): Symfony\Component\Console\Application->doRunCommand(Object(Migrations\Command\Rollback), Object(Symfony\Component\Console\Input\ArgvInput), Object(Symfony\Component\Console\Output\ConsoleOutput))
#9 /var/www/html/MVC/vendor/symfony/console/Application.php(148): Symfony\Component\Console\Application->doRun(Object(Symfony\Component\Console\Input\ArgvInput), Object(Symfony\Component\Console\Output\ConsoleOutput))
#10 /var/www/html/MVC/vendor/cakephp/migrations/src/Shell/MigrationsShell.php(108): Symfony\Component\Console\Application->run(Object(Symfony\Component\Console\Input\ArgvInput), Object(Symfony\Component\Console\Output\ConsoleOutput))
#11 /var/www/html/MVC/vendor/cakephp/cakephp/src/Console/Shell.php(532): Migrations\Shell\MigrationsShell->main('migrations', 'rollback')
#12 /var/www/html/MVC/vendor/cakephp/migrations/src/Shell/MigrationsShell.php(164): Cake\Console\Shell->runCommand(Array, true, Array)
#13 /var/www/html/MVC/vendor/cakephp/cakephp/src/Console/CommandRunner.php(384): Migrations\Shell\MigrationsShell->runCommand(Array, true)
#14 /var/www/html/MVC/vendor/cakephp/cakephp/src/Console/CommandRunner.php(162): Cake\Console\CommandRunner->runShell(Object(Migrations\Shell\MigrationsShell), Array)
#15 /var/www/html/MVC/bin/cake.php(12): Cake\Console\CommandRunner->run(Array)
#16 {main}


2020-09-22 19:14:58 Warning: Warning (2): Use of undefined constant DEVELOPMENT - assumed 'DEVELOPMENT' (this will throw an Error in a future version of PHP) in [/var/www/html/MVC/config/Migrations/20200922153000_CreateUsuario.php, line 25]
Trace:
Cake\Error\BaseErrorHandler::handleError() - CORE/src/Error/BaseErrorHandler.php, line 159
CreateUsuario::down() - ROOT/config/Migrations/20200922153000_CreateUsuario.php, line 25
Phinx\Migration\Manager\Environment::executeMigration() - ROOT/vendor/robmorgan/phinx/src/Phinx/Migration/Manager/Environment.php, line 128
Phinx\Migration\Manager::executeMigration() - ROOT/vendor/robmorgan/phinx/src/Phinx/Migration/Manager.php, line 387
Phinx\Migration\Manager::rollback() - ROOT/vendor/robmorgan/phinx/src/Phinx/Migration/Manager.php, line 529
Phinx\Console\Command\Rollback::execute() - ROOT/vendor/robmorgan/phinx/src/Phinx/Console/Command/Rollback.php, line 130
Migrations\Command\Rollback::parentExecute() - ROOT/vendor/cakephp/migrations/src/Command/CommandTrait.php, line 35
Migrations\Command\Rollback::execute() - ROOT/vendor/cakephp/migrations/src/Command/Rollback.php, line 68
Symfony\Component\Console\Command\Command::run() - ROOT/vendor/symfony/console/Command/Command.php, line 255
Symfony\Component\Console\Application::doRunCommand() - ROOT/vendor/symfony/console/Application.php, line 969
Symfony\Component\Console\Application::doRun() - ROOT/vendor/symfony/console/Application.php, line 255
Symfony\Component\Console\Application::run() - ROOT/vendor/symfony/console/Application.php, line 148
Migrations\Shell\MigrationsShell::main() - ROOT/vendor/cakephp/migrations/src/Shell/MigrationsShell.php, line 108
Cake\Console\Shell::runCommand() - CORE/src/Console/Shell.php, line 532
Migrations\Shell\MigrationsShell::runCommand() - ROOT/vendor/cakephp/migrations/src/Shell/MigrationsShell.php, line 164
Cake\Console\CommandRunner::runShell() - CORE/src/Console/CommandRunner.php, line 384
Cake\Console\CommandRunner::run() - CORE/src/Console/CommandRunner.php, line 162
[main] - ROOT/bin/cake.php, line 12



2020-09-22 22:36:15 Error: [InvalidArgumentException] Could not find class "CreateFuncionario" in file "/var/www/html/MVC/config/Migrations/20200922161000_CreateFuncionario.php" in /var/www/html/MVC/vendor/robmorgan/phinx/src/Phinx/Migration/Manager.php on line 741
Stack Trace:
#0 /var/www/html/MVC/vendor/robmorgan/phinx/src/Phinx/Migration/Manager.php(441): Phinx\Migration\Manager->getMigrations('default')
#1 /var/www/html/MVC/vendor/robmorgan/phinx/src/Phinx/Console/Command/Rollback.php(130): Phinx\Migration\Manager->rollback('default', NULL, false, true, false)
#2 /var/www/html/MVC/vendor/cakephp/migrations/src/Command/CommandTrait.php(35): Phinx\Console\Command\Rollback->execute(Object(Symfony\Component\Console\Input\ArgvInput), Object(Symfony\Component\Console\Output\ConsoleOutput))
#3 /var/www/html/MVC/vendor/cakephp/migrations/src/Command/Rollback.php(68): Migrations\Command\Rollback->parentExecute(Object(Symfony\Component\Console\Input\ArgvInput), Object(Symfony\Component\Console\Output\ConsoleOutput))
#4 /var/www/html/MVC/vendor/symfony/console/Command/Command.php(255): Migrations\Command\Rollback->execute(Object(Symfony\Component\Console\Input\ArgvInput), Object(Symfony\Component\Console\Output\ConsoleOutput))
#5 /var/www/html/MVC/vendor/symfony/console/Application.php(969): Symfony\Component\Console\Command\Command->run(Object(Symfony\Component\Console\Input\ArgvInput), Object(Symfony\Component\Console\Output\ConsoleOutput))
#6 /var/www/html/MVC/vendor/symfony/console/Application.php(255): Symfony\Component\Console\Application->doRunCommand(Object(Migrations\Command\Rollback), Object(Symfony\Component\Console\Input\ArgvInput), Object(Symfony\Component\Console\Output\ConsoleOutput))
#7 /var/www/html/MVC/vendor/symfony/console/Application.php(148): Symfony\Component\Console\Application->doRun(Object(Symfony\Component\Console\Input\ArgvInput), Object(Symfony\Component\Console\Output\ConsoleOutput))
#8 /var/www/html/MVC/vendor/cakephp/migrations/src/Shell/MigrationsShell.php(108): Symfony\Component\Console\Application->run(Object(Symfony\Component\Console\Input\ArgvInput), Object(Symfony\Component\Console\Output\ConsoleOutput))
#9 /var/www/html/MVC/vendor/cakephp/cakephp/src/Console/Shell.php(532): Migrations\Shell\MigrationsShell->main('migrations', 'rollback')
#10 /var/www/html/MVC/vendor/cakephp/migrations/src/Shell/MigrationsShell.php(164): Cake\Console\Shell->runCommand(Array, true, Array)
#11 /var/www/html/MVC/vendor/cakephp/cakephp/src/Console/CommandRunner.php(384): Migrations\Shell\MigrationsShell->runCommand(Array, true)
#12 /var/www/html/MVC/vendor/cakephp/cakephp/src/Console/CommandRunner.php(162): Cake\Console\CommandRunner->runShell(Object(Migrations\Shell\MigrationsShell), Array)
#13 /var/www/html/MVC/bin/cake.php(12): Cake\Console\CommandRunner->run(Array)
#14 {main}


2020-09-28 20:08:04 Error: [Error] Call to undefined method CreateUsuario::checkDrop() in /var/www/html/MVC/config/Migrations/20200922153000_CreateUsuario.php on line 31
Stack Trace:
#0 /var/www/html/MVC/vendor/robmorgan/phinx/src/Phinx/Migration/Manager/Environment.php(128): CreateUsuario->down()
#1 /var/www/html/MVC/vendor/robmorgan/phinx/src/Phinx/Migration/Manager.php(387): Phinx\Migration\Manager\Environment->executeMigration(Object(CreateUsuario), 'down', false)
#2 /var/www/html/MVC/vendor/robmorgan/phinx/src/Phinx/Migration/Manager.php(529): Phinx\Migration\Manager->executeMigration('default', Object(CreateUsuario), 'down', false)
#3 /var/www/html/MVC/vendor/robmorgan/phinx/src/Phinx/Console/Command/Rollback.php(130): Phinx\Migration\Manager->rollback('default', 0, false, true, false)
#4 /var/www/html/MVC/vendor/cakephp/migrations/src/Command/CommandTrait.php(35): Phinx\Console\Command\Rollback->execute(Object(Symfony\Component\Console\Input\ArgvInput), Object(Symfony\Component\Console\Output\ConsoleOutput))
#5 /var/www/html/MVC/vendor/cakephp/migrations/src/Command/Rollback.php(68): Migrations\Command\Rollback->parentExecute(Object(Symfony\Component\Console\Input\ArgvInput), Object(Symfony\Component\Console\Output\ConsoleOutput))
#6 /var/www/html/MVC/vendor/symfony/console/Command/Command.php(255): Migrations\Command\Rollback->execute(Object(Symfony\Component\Console\Input\ArgvInput), Object(Symfony\Component\Console\Output\ConsoleOutput))
#7 /var/www/html/MVC/vendor/symfony/console/Application.php(969): Symfony\Component\Console\Command\Command->run(Object(Symfony\Component\Console\Input\ArgvInput), Object(Symfony\Component\Console\Output\ConsoleOutput))
#8 /var/www/html/MVC/vendor/symfony/console/Application.php(255): Symfony\Component\Console\Application->doRunCommand(Object(Migrations\Command\Rollback), Object(Symfony\Component\Console\Input\ArgvInput), Object(Symfony\Component\Console\Output\ConsoleOutput))
#9 /var/www/html/MVC/vendor/symfony/console/Application.php(148): Symfony\Component\Console\Application->doRun(Object(Symfony\Component\Console\Input\ArgvInput), Object(Symfony\Component\Console\Output\ConsoleOutput))
#10 /var/www/html/MVC/vendor/cakephp/migrations/src/Shell/MigrationsShell.php(108): Symfony\Component\Console\Application->run(Object(Symfony\Component\Console\Input\ArgvInput), Object(Symfony\Component\Console\Output\ConsoleOutput))
#11 /var/www/html/MVC/vendor/cakephp/cakephp/src/Console/Shell.php(532): Migrations\Shell\MigrationsShell->main('migrations', 'rollback')
#12 /var/www/html/MVC/vendor/cakephp/migrations/src/Shell/MigrationsShell.php(164): Cake\Console\Shell->runCommand(Array, true, Array)
#13 /var/www/html/MVC/vendor/cakephp/cakephp/src/Console/CommandRunner.php(384): Migrations\Shell\MigrationsShell->runCommand(Array, true)
#14 /var/www/html/MVC/vendor/cakephp/cakephp/src/Console/CommandRunner.php(162): Cake\Console\CommandRunner->runShell(Object(Migrations\Shell\MigrationsShell), Array)
#15 /var/www/html/MVC/bin/cake.php(12): Cake\Console\CommandRunner->run(Array)
#16 {main}


2020-09-28 20:09:53 Error: [InvalidArgumentException] Cannot use an empty table name in /var/www/html/MVC/vendor/robmorgan/phinx/src/Phinx/Db/Table/Table.php on line 25
Stack Trace:
#0 /var/www/html/MVC/vendor/robmorgan/phinx/src/Phinx/Db/Table.php(85): Phinx\Db\Table\Table->__construct(NULL, Array)
#1 /var/www/html/MVC/vendor/cakephp/migrations/src/AbstractMigration.php(42): Phinx\Db\Table->__construct(NULL, Array, Object(Migrations\CakeAdapter))
#2 /var/www/html/MVC/config/Migrations/20200922153000_CreateUsuario.php(30): Migrations\AbstractMigration->table(NULL)
#3 /var/www/html/MVC/vendor/robmorgan/phinx/src/Phinx/Migration/Manager/Environment.php(128): CreateUsuario->down()
#4 /var/www/html/MVC/vendor/robmorgan/phinx/src/Phinx/Migration/Manager.php(387): Phinx\Migration\Manager\Environment->executeMigration(Object(CreateUsuario), 'down', false)
#5 /var/www/html/MVC/vendor/robmorgan/phinx/src/Phinx/Migration/Manager.php(529): Phinx\Migration\Manager->executeMigration('default', Object(CreateUsuario), 'down', false)
#6 /var/www/html/MVC/vendor/robmorgan/phinx/src/Phinx/Console/Command/Rollback.php(130): Phinx\Migration\Manager->rollback('default', 0, false, true, false)
#7 /var/www/html/MVC/vendor/cakephp/migrations/src/Command/CommandTrait.php(35): Phinx\Console\Command\Rollback->execute(Object(Symfony\Component\Console\Input\ArgvInput), Object(Symfony\Component\Console\Output\ConsoleOutput))
#8 /var/www/html/MVC/vendor/cakephp/migrations/src/Command/Rollback.php(68): Migrations\Command\Rollback->parentExecute(Object(Symfony\Component\Console\Input\ArgvInput), Object(Symfony\Component\Console\Output\ConsoleOutput))
#9 /var/www/html/MVC/vendor/symfony/console/Command/Command.php(255): Migrations\Command\Rollback->execute(Object(Symfony\Component\Console\Input\ArgvInput), Object(Symfony\Component\Console\Output\ConsoleOutput))
#10 /var/www/html/MVC/vendor/symfony/console/Application.php(969): Symfony\Component\Console\Command\Command->run(Object(Symfony\Component\Console\Input\ArgvInput), Object(Symfony\Component\Console\Output\ConsoleOutput))
#11 /var/www/html/MVC/vendor/symfony/console/Application.php(255): Symfony\Component\Console\Application->doRunCommand(Object(Migrations\Command\Rollback), Object(Symfony\Component\Console\Input\ArgvInput), Object(Symfony\Component\Console\Output\ConsoleOutput))
#12 /var/www/html/MVC/vendor/symfony/console/Application.php(148): Symfony\Component\Console\Application->doRun(Object(Symfony\Component\Console\Input\ArgvInput), Object(Symfony\Component\Console\Output\ConsoleOutput))
#13 /var/www/html/MVC/vendor/cakephp/migrations/src/Shell/MigrationsShell.php(108): Symfony\Component\Console\Application->run(Object(Symfony\Component\Console\Input\ArgvInput), Object(Symfony\Component\Console\Output\ConsoleOutput))
#14 /var/www/html/MVC/vendor/cakephp/cakephp/src/Console/Shell.php(532): Migrations\Shell\MigrationsShell->main('migrations', 'rollback')
#15 /var/www/html/MVC/vendor/cakephp/migrations/src/Shell/MigrationsShell.php(164): Cake\Console\Shell->runCommand(Array, true, Array)
#16 /var/www/html/MVC/vendor/cakephp/cakephp/src/Console/CommandRunner.php(384): Migrations\Shell\MigrationsShell->runCommand(Array, true)
#17 /var/www/html/MVC/vendor/cakephp/cakephp/src/Console/CommandRunner.php(162): Cake\Console\CommandRunner->runShell(Object(Migrations\Shell\MigrationsShell), Array)
#18 /var/www/html/MVC/bin/cake.php(12): Cake\Console\CommandRunner->run(Array)
#19 {main}


2020-09-28 20:10:23 Error: [InvalidArgumentException] Cannot use an empty table name in /var/www/html/MVC/vendor/robmorgan/phinx/src/Phinx/Db/Table/Table.php on line 25
Stack Trace:
#0 /var/www/html/MVC/vendor/robmorgan/phinx/src/Phinx/Db/Table.php(85): Phinx\Db\Table\Table->__construct(NULL, Array)
#1 /var/www/html/MVC/vendor/cakephp/migrations/src/AbstractMigration.php(42): Phinx\Db\Table->__construct(NULL, Array, Object(Migrations\CakeAdapter))
#2 /var/www/html/MVC/config/Migrations/20200922153000_CreateUsuario.php(30): Migrations\AbstractMigration->table(NULL)
#3 /var/www/html/MVC/vendor/robmorgan/phinx/src/Phinx/Migration/Manager/Environment.php(128): CreateUsuario->down()
#4 /var/www/html/MVC/vendor/robmorgan/phinx/src/Phinx/Migration/Manager.php(387): Phinx\Migration\Manager\Environment->executeMigration(Object(CreateUsuario), 'down', false)
#5 /var/www/html/MVC/vendor/robmorgan/phinx/src/Phinx/Migration/Manager.php(529): Phinx\Migration\Manager->executeMigration('default', Object(CreateUsuario), 'down', false)
#6 /var/www/html/MVC/vendor/robmorgan/phinx/src/Phinx/Console/Command/Rollback.php(130): Phinx\Migration\Manager->rollback('default', 0, false, true, false)
#7 /var/www/html/MVC/vendor/cakephp/migrations/src/Command/CommandTrait.php(35): Phinx\Console\Command\Rollback->execute(Object(Symfony\Component\Console\Input\ArgvInput), Object(Symfony\Component\Console\Output\ConsoleOutput))
#8 /var/www/html/MVC/vendor/cakephp/migrations/src/Command/Rollback.php(68): Migrations\Command\Rollback->parentExecute(Object(Symfony\Component\Console\Input\ArgvInput), Object(Symfony\Component\Console\Output\ConsoleOutput))
#9 /var/www/html/MVC/vendor/symfony/console/Command/Command.php(255): Migrations\Command\Rollback->execute(Object(Symfony\Component\Console\Input\ArgvInput), Object(Symfony\Component\Console\Output\ConsoleOutput))
#10 /var/www/html/MVC/vendor/symfony/console/Application.php(969): Symfony\Component\Console\Command\Command->run(Object(Symfony\Component\Console\Input\ArgvInput), Object(Symfony\Component\Console\Output\ConsoleOutput))
#11 /var/www/html/MVC/vendor/symfony/console/Application.php(255): Symfony\Component\Console\Application->doRunCommand(Object(Migrations\Command\Rollback), Object(Symfony\Component\Console\Input\ArgvInput), Object(Symfony\Component\Console\Output\ConsoleOutput))
#12 /var/www/html/MVC/vendor/symfony/console/Application.php(148): Symfony\Component\Console\Application->doRun(Object(Symfony\Component\Console\Input\ArgvInput), Object(Symfony\Component\Console\Output\ConsoleOutput))
#13 /var/www/html/MVC/vendor/cakephp/migrations/src/Shell/MigrationsShell.php(108): Symfony\Component\Console\Application->run(Object(Symfony\Component\Console\Input\ArgvInput), Object(Symfony\Component\Console\Output\ConsoleOutput))
#14 /var/www/html/MVC/vendor/cakephp/cakephp/src/Console/Shell.php(532): Migrations\Shell\MigrationsShell->main('migrations', 'rollback')
#15 /var/www/html/MVC/vendor/cakephp/migrations/src/Shell/MigrationsShell.php(164): Cake\Console\Shell->runCommand(Array, true, Array)
#16 /var/www/html/MVC/vendor/cakephp/cakephp/src/Console/CommandRunner.php(384): Migrations\Shell\MigrationsShell->runCommand(Array, true)
#17 /var/www/html/MVC/vendor/cakephp/cakephp/src/Console/CommandRunner.php(162): Cake\Console\CommandRunner->runShell(Object(Migrations\Shell\MigrationsShell), Array)
#18 /var/www/html/MVC/bin/cake.php(12): Cake\Console\CommandRunner->run(Array)
#19 {main}


2020-09-28 20:11:16 Error: [PDOException] SQLSTATE[42S02]: Base table or view not found: 1146 Table 'creche.Array' doesn't exist in /var/www/html/MVC/vendor/robmorgan/phinx/src/Phinx/Db/Adapter/PdoAdapter.php on line 167
Stack Trace:
#0 /var/www/html/MVC/vendor/robmorgan/phinx/src/Phinx/Db/Adapter/PdoAdapter.php(167): PDO->exec('ALTER TABLE Arr...')
#1 /var/www/html/MVC/vendor/robmorgan/phinx/src/Phinx/Db/Adapter/AdapterWrapper.php(169): Phinx\Db\Adapter\PdoAdapter->execute('ALTER TABLE Arr...')
#2 /var/www/html/MVC/vendor/robmorgan/phinx/src/Phinx/Db/Adapter/AdapterWrapper.php(169): Phinx\Db\Adapter\AdapterWrapper->execute('ALTER TABLE Arr...')
#3 /var/www/html/MVC/vendor/robmorgan/phinx/src/Phinx/Migration/AbstractMigration.php(230): Phinx\Db\Adapter\AdapterWrapper->execute('ALTER TABLE Arr...')
#4 /var/www/html/MVC/config/Migrations/20200922153000_CreateUsuario.php(31): Phinx\Migration\AbstractMigration->execute('ALTER TABLE Arr...')
#5 /var/www/html/MVC/vendor/robmorgan/phinx/src/Phinx/Migration/Manager/Environment.php(128): CreateUsuario->down()
#6 /var/www/html/MVC/vendor/robmorgan/phinx/src/Phinx/Migration/Manager.php(387): Phinx\Migration\Manager\Environment->executeMigration(Object(CreateUsuario), 'down', false)
#7 /var/www/html/MVC/vendor/robmorgan/phinx/src/Phinx/Migration/Manager.php(529): Phinx\Migration\Manager->executeMigration('default', Object(CreateUsuario), 'down', false)
#8 /var/www/html/MVC/vendor/robmorgan/phinx/src/Phinx/Console/Command/Rollback.php(130): Phinx\Migration\Manager->rollback('default', 0, false, true, false)
#9 /var/www/html/MVC/vendor/cakephp/migrations/src/Command/CommandTrait.php(35): Phinx\Console\Command\Rollback->execute(Object(Symfony\Component\Console\Input\ArgvInput), Object(Symfony\Component\Console\Output\ConsoleOutput))
#10 /var/www/html/MVC/vendor/cakephp/migrations/src/Command/Rollback.php(68): Migrations\Command\Rollback->parentExecute(Object(Symfony\Component\Console\Input\ArgvInput), Object(Symfony\Component\Console\Output\ConsoleOutput))
#11 /var/www/html/MVC/vendor/symfony/console/Command/Command.php(255): Migrations\Command\Rollback->execute(Object(Symfony\Component\Console\Input\ArgvInput), Object(Symfony\Component\Console\Output\ConsoleOutput))
#12 /var/www/html/MVC/vendor/symfony/console/Application.php(969): Symfony\Component\Console\Command\Command->run(Object(Symfony\Component\Console\Input\ArgvInput), Object(Symfony\Component\Console\Output\ConsoleOutput))
#13 /var/www/html/MVC/vendor/symfony/console/Application.php(255): Symfony\Component\Console\Application->doRunCommand(Object(Migrations\Command\Rollback), Object(Symfony\Component\Console\Input\ArgvInput), Object(Symfony\Component\Console\Output\ConsoleOutput))
#14 /var/www/html/MVC/vendor/symfony/console/Application.php(148): Symfony\Component\Console\Application->doRun(Object(Symfony\Component\Console\Input\ArgvInput), Object(Symfony\Component\Console\Output\ConsoleOutput))
#15 /var/www/html/MVC/vendor/cakephp/migrations/src/Shell/MigrationsShell.php(108): Symfony\Component\Console\Application->run(Object(Symfony\Component\Console\Input\ArgvInput), Object(Symfony\Component\Console\Output\ConsoleOutput))
#16 /var/www/html/MVC/vendor/cakephp/cakephp/src/Console/Shell.php(532): Migrations\Shell\MigrationsShell->main('migrations', 'rollback')
#17 /var/www/html/MVC/vendor/cakephp/migrations/src/Shell/MigrationsShell.php(164): Cake\Console\Shell->runCommand(Array, true, Array)
#18 /var/www/html/MVC/vendor/cakephp/cakephp/src/Console/CommandRunner.php(384): Migrations\Shell\MigrationsShell->runCommand(Array, true)
#19 /var/www/html/MVC/vendor/cakephp/cakephp/src/Console/CommandRunner.php(162): Cake\Console\CommandRunner->runShell(Object(Migrations\Shell\MigrationsShell), Array)
#20 /var/www/html/MVC/bin/cake.php(12): Cake\Console\CommandRunner->run(Array)
#21 {main}


<<<<<<< HEAD
2020-09-30 13:03:31 Error: [Symfony\Component\Console\Exception\RuntimeException] The "--target" option requires a value. in /var/www/html/MVC/vendor/symfony/console/Input/ArgvInput.php on line 245
Stack Trace:
#0 /var/www/html/MVC/vendor/symfony/console/Input/ArgvInput.php(209): Symfony\Component\Console\Input\ArgvInput->addLongOption('target', NULL)
#1 /var/www/html/MVC/vendor/symfony/console/Input/ArgvInput.php(108): Symfony\Component\Console\Input\ArgvInput->addShortOption('t', NULL)
#2 /var/www/html/MVC/vendor/symfony/console/Input/ArgvInput.php(84): Symfony\Component\Console\Input\ArgvInput->parseShortOption('-t')
#3 /var/www/html/MVC/vendor/symfony/console/Input/Input.php(55): Symfony\Component\Console\Input\ArgvInput->parse()
#4 /var/www/html/MVC/vendor/symfony/console/Command/Command.php(214): Symfony\Component\Console\Input\Input->bind(Object(Symfony\Component\Console\Input\InputDefinition))
#5 /var/www/html/MVC/vendor/symfony/console/Application.php(969): Symfony\Component\Console\Command\Command->run(Object(Symfony\Component\Console\Input\ArgvInput), Object(Symfony\Component\Console\Output\ConsoleOutput))
#6 /var/www/html/MVC/vendor/symfony/console/Application.php(255): Symfony\Component\Console\Application->doRunCommand(Object(Migrations\Command\Rollback), Object(Symfony\Component\Console\Input\ArgvInput), Object(Symfony\Component\Console\Output\ConsoleOutput))
#7 /var/www/html/MVC/vendor/symfony/console/Application.php(148): Symfony\Component\Console\Application->doRun(Object(Symfony\Component\Console\Input\ArgvInput), Object(Symfony\Component\Console\Output\ConsoleOutput))
#8 /var/www/html/MVC/vendor/cakephp/migrations/src/Shell/MigrationsShell.php(108): Symfony\Component\Console\Application->run(Object(Symfony\Component\Console\Input\ArgvInput), Object(Symfony\Component\Console\Output\ConsoleOutput))
#9 /var/www/html/MVC/vendor/cakephp/cakephp/src/Console/Shell.php(532): Migrations\Shell\MigrationsShell->main('migrations', 'rollback')
#10 /var/www/html/MVC/vendor/cakephp/migrations/src/Shell/MigrationsShell.php(164): Cake\Console\Shell->runCommand(Array, true, Array)
#11 /var/www/html/MVC/vendor/cakephp/cakephp/src/Console/CommandRunner.php(384): Migrations\Shell\MigrationsShell->runCommand(Array, true)
#12 /var/www/html/MVC/vendor/cakephp/cakephp/src/Console/CommandRunner.php(162): Cake\Console\CommandRunner->runShell(Object(Migrations\Shell\MigrationsShell), Array)
#13 /var/www/html/MVC/bin/cake.php(12): Cake\Console\CommandRunner->run(Array)
#14 {main}
=======
2020-10-06 23:23:55 Error: [Exception] Impossivel Reversao in /var/www/html/MVC/config/Migrations/20200922161400_CreateAlunos.php on line 32
Stack Trace:
#0 /var/www/html/MVC/vendor/robmorgan/phinx/src/Phinx/Migration/Manager/Environment.php(128): CreateAlunos->down()
#1 /var/www/html/MVC/vendor/robmorgan/phinx/src/Phinx/Migration/Manager.php(387): Phinx\Migration\Manager\Environment->executeMigration(Object(CreateAlunos), 'down', false)
#2 /var/www/html/MVC/vendor/robmorgan/phinx/src/Phinx/Migration/Manager.php(529): Phinx\Migration\Manager->executeMigration('default', Object(CreateAlunos), 'down', false)
#3 /var/www/html/MVC/vendor/robmorgan/phinx/src/Phinx/Console/Command/Rollback.php(130): Phinx\Migration\Manager->rollback('default', 0, false, true, false)
#4 /var/www/html/MVC/vendor/cakephp/migrations/src/Command/CommandTrait.php(35): Phinx\Console\Command\Rollback->execute(Object(Symfony\Component\Console\Input\ArgvInput), Object(Symfony\Component\Console\Output\ConsoleOutput))
#5 /var/www/html/MVC/vendor/cakephp/migrations/src/Command/Rollback.php(68): Migrations\Command\Rollback->parentExecute(Object(Symfony\Component\Console\Input\ArgvInput), Object(Symfony\Component\Console\Output\ConsoleOutput))
#6 /var/www/html/MVC/vendor/symfony/console/Command/Command.php(255): Migrations\Command\Rollback->execute(Object(Symfony\Component\Console\Input\ArgvInput), Object(Symfony\Component\Console\Output\ConsoleOutput))
#7 /var/www/html/MVC/vendor/symfony/console/Application.php(969): Symfony\Component\Console\Command\Command->run(Object(Symfony\Component\Console\Input\ArgvInput), Object(Symfony\Component\Console\Output\ConsoleOutput))
#8 /var/www/html/MVC/vendor/symfony/console/Application.php(255): Symfony\Component\Console\Application->doRunCommand(Object(Migrations\Command\Rollback), Object(Symfony\Component\Console\Input\ArgvInput), Object(Symfony\Component\Console\Output\ConsoleOutput))
#9 /var/www/html/MVC/vendor/symfony/console/Application.php(148): Symfony\Component\Console\Application->doRun(Object(Symfony\Component\Console\Input\ArgvInput), Object(Symfony\Component\Console\Output\ConsoleOutput))
#10 /var/www/html/MVC/vendor/cakephp/migrations/src/Shell/MigrationsShell.php(108): Symfony\Component\Console\Application->run(Object(Symfony\Component\Console\Input\ArgvInput), Object(Symfony\Component\Console\Output\ConsoleOutput))
#11 /var/www/html/MVC/vendor/cakephp/cakephp/src/Console/Shell.php(532): Migrations\Shell\MigrationsShell->main('migrations', 'rollback')
#12 /var/www/html/MVC/vendor/cakephp/migrations/src/Shell/MigrationsShell.php(164): Cake\Console\Shell->runCommand(Array, true, Array)
#13 /var/www/html/MVC/vendor/cakephp/cakephp/src/Console/CommandRunner.php(384): Migrations\Shell\MigrationsShell->runCommand(Array, true)
#14 /var/www/html/MVC/vendor/cakephp/cakephp/src/Console/CommandRunner.php(162): Cake\Console\CommandRunner->runShell(Object(Migrations\Shell\MigrationsShell), Array)
#15 /var/www/html/MVC/bin/cake.php(12): Cake\Console\CommandRunner->run(Array)
#16 {main}


2020-10-07 00:45:36 Error: [Exception] Impossivel Reversao in /var/www/html/MVC/config/Migrations/20200922153000_CreateUsuario.php on line 33
Stack Trace:
#0 /var/www/html/MVC/vendor/robmorgan/phinx/src/Phinx/Migration/Manager/Environment.php(128): CreateUsuario->down()
#1 /var/www/html/MVC/vendor/robmorgan/phinx/src/Phinx/Migration/Manager.php(387): Phinx\Migration\Manager\Environment->executeMigration(Object(CreateUsuario), 'down', false)
#2 /var/www/html/MVC/vendor/robmorgan/phinx/src/Phinx/Migration/Manager.php(529): Phinx\Migration\Manager->executeMigration('default', Object(CreateUsuario), 'down', false)
#3 /var/www/html/MVC/vendor/robmorgan/phinx/src/Phinx/Console/Command/Rollback.php(130): Phinx\Migration\Manager->rollback('default', 0, false, true, false)
#4 /var/www/html/MVC/vendor/cakephp/migrations/src/Command/CommandTrait.php(35): Phinx\Console\Command\Rollback->execute(Object(Symfony\Component\Console\Input\ArgvInput), Object(Symfony\Component\Console\Output\ConsoleOutput))
#5 /var/www/html/MVC/vendor/cakephp/migrations/src/Command/Rollback.php(68): Migrations\Command\Rollback->parentExecute(Object(Symfony\Component\Console\Input\ArgvInput), Object(Symfony\Component\Console\Output\ConsoleOutput))
#6 /var/www/html/MVC/vendor/symfony/console/Command/Command.php(255): Migrations\Command\Rollback->execute(Object(Symfony\Component\Console\Input\ArgvInput), Object(Symfony\Component\Console\Output\ConsoleOutput))
#7 /var/www/html/MVC/vendor/symfony/console/Application.php(969): Symfony\Component\Console\Command\Command->run(Object(Symfony\Component\Console\Input\ArgvInput), Object(Symfony\Component\Console\Output\ConsoleOutput))
#8 /var/www/html/MVC/vendor/symfony/console/Application.php(255): Symfony\Component\Console\Application->doRunCommand(Object(Migrations\Command\Rollback), Object(Symfony\Component\Console\Input\ArgvInput), Object(Symfony\Component\Console\Output\ConsoleOutput))
#9 /var/www/html/MVC/vendor/symfony/console/Application.php(148): Symfony\Component\Console\Application->doRun(Object(Symfony\Component\Console\Input\ArgvInput), Object(Symfony\Component\Console\Output\ConsoleOutput))
#10 /var/www/html/MVC/vendor/cakephp/migrations/src/Shell/MigrationsShell.php(108): Symfony\Component\Console\Application->run(Object(Symfony\Component\Console\Input\ArgvInput), Object(Symfony\Component\Console\Output\ConsoleOutput))
#11 /var/www/html/MVC/vendor/cakephp/cakephp/src/Console/Shell.php(532): Migrations\Shell\MigrationsShell->main('migrations', 'rollback')
#12 /var/www/html/MVC/vendor/cakephp/migrations/src/Shell/MigrationsShell.php(164): Cake\Console\Shell->runCommand(Array, true, Array)
#13 /var/www/html/MVC/vendor/cakephp/cakephp/src/Console/CommandRunner.php(384): Migrations\Shell\MigrationsShell->runCommand(Array, true)
#14 /var/www/html/MVC/vendor/cakephp/cakephp/src/Console/CommandRunner.php(162): Cake\Console\CommandRunner->runShell(Object(Migrations\Shell\MigrationsShell), Array)
#15 /var/www/html/MVC/bin/cake.php(12): Cake\Console\CommandRunner->run(Array)
#16 {main}


2020-10-07 00:45:56 Error: [Exception] Impossivel Reversao in /var/www/html/MVC/config/Migrations/20200922153000_CreateUsuario.php on line 33
Stack Trace:
#0 /var/www/html/MVC/vendor/robmorgan/phinx/src/Phinx/Migration/Manager/Environment.php(128): CreateUsuario->down()
#1 /var/www/html/MVC/vendor/robmorgan/phinx/src/Phinx/Migration/Manager.php(387): Phinx\Migration\Manager\Environment->executeMigration(Object(CreateUsuario), 'down', false)
#2 /var/www/html/MVC/vendor/robmorgan/phinx/src/Phinx/Migration/Manager.php(529): Phinx\Migration\Manager->executeMigration('default', Object(CreateUsuario), 'down', false)
#3 /var/www/html/MVC/vendor/robmorgan/phinx/src/Phinx/Console/Command/Rollback.php(130): Phinx\Migration\Manager->rollback('default', 0, false, true, false)
#4 /var/www/html/MVC/vendor/cakephp/migrations/src/Command/CommandTrait.php(35): Phinx\Console\Command\Rollback->execute(Object(Symfony\Component\Console\Input\ArgvInput), Object(Symfony\Component\Console\Output\ConsoleOutput))
#5 /var/www/html/MVC/vendor/cakephp/migrations/src/Command/Rollback.php(68): Migrations\Command\Rollback->parentExecute(Object(Symfony\Component\Console\Input\ArgvInput), Object(Symfony\Component\Console\Output\ConsoleOutput))
#6 /var/www/html/MVC/vendor/symfony/console/Command/Command.php(255): Migrations\Command\Rollback->execute(Object(Symfony\Component\Console\Input\ArgvInput), Object(Symfony\Component\Console\Output\ConsoleOutput))
#7 /var/www/html/MVC/vendor/symfony/console/Application.php(969): Symfony\Component\Console\Command\Command->run(Object(Symfony\Component\Console\Input\ArgvInput), Object(Symfony\Component\Console\Output\ConsoleOutput))
#8 /var/www/html/MVC/vendor/symfony/console/Application.php(255): Symfony\Component\Console\Application->doRunCommand(Object(Migrations\Command\Rollback), Object(Symfony\Component\Console\Input\ArgvInput), Object(Symfony\Component\Console\Output\ConsoleOutput))
#9 /var/www/html/MVC/vendor/symfony/console/Application.php(148): Symfony\Component\Console\Application->doRun(Object(Symfony\Component\Console\Input\ArgvInput), Object(Symfony\Component\Console\Output\ConsoleOutput))
#10 /var/www/html/MVC/vendor/cakephp/migrations/src/Shell/MigrationsShell.php(108): Symfony\Component\Console\Application->run(Object(Symfony\Component\Console\Input\ArgvInput), Object(Symfony\Component\Console\Output\ConsoleOutput))
#11 /var/www/html/MVC/vendor/cakephp/cakephp/src/Console/Shell.php(532): Migrations\Shell\MigrationsShell->main('migrations', 'rollback')
#12 /var/www/html/MVC/vendor/cakephp/migrations/src/Shell/MigrationsShell.php(164): Cake\Console\Shell->runCommand(Array, true, Array)
#13 /var/www/html/MVC/vendor/cakephp/cakephp/src/Console/CommandRunner.php(384): Migrations\Shell\MigrationsShell->runCommand(Array, true)
#14 /var/www/html/MVC/vendor/cakephp/cakephp/src/Console/CommandRunner.php(162): Cake\Console\CommandRunner->runShell(Object(Migrations\Shell\MigrationsShell), Array)
#15 /var/www/html/MVC/bin/cake.php(12): Cake\Console\CommandRunner->run(Array)
#16 {main}
>>>>>>> 1feb6fa708133f783bb695f42aab30f9b3b529e7


2020-10-14 23:28:07 Error: [RuntimeException] Unknown command `cake migrate`. Run `cake --help` to get the list of valid commands. in /var/www/html/MVC/vendor/cakephp/cakephp/src/Console/CommandRunner.php on line 346
Stack Trace:
#0 /var/www/html/MVC/vendor/cakephp/cakephp/src/Console/CommandRunner.php(157): Cake\Console\CommandRunner->resolveName(Object(Cake\Console\CommandCollection), Object(Cake\Console\ConsoleIo), 'migrate')
#1 /var/www/html/MVC/bin/cake.php(12): Cake\Console\CommandRunner->run(Array)
#2 {main}


2020-10-21 14:50:59 Error: [Exception] Impossivel Reversao in C:\wamp64\www\MVC\config\Migrations\20200928195200_CreateDado.php on line 30
Stack Trace:
#0 C:\wamp64\www\MVC\vendor\robmorgan\phinx\src\Phinx\Migration\Manager\Environment.php(128): CreateDado->down()
#1 C:\wamp64\www\MVC\vendor\robmorgan\phinx\src\Phinx\Migration\Manager.php(387): Phinx\Migration\Manager\Environment->executeMigration(Object(CreateDado), 'down', false)
#2 C:\wamp64\www\MVC\vendor\robmorgan\phinx\src\Phinx\Migration\Manager.php(529): Phinx\Migration\Manager->executeMigration('default', Object(CreateDado), 'down', false)
#3 C:\wamp64\www\MVC\vendor\robmorgan\phinx\src\Phinx\Console\Command\Rollback.php(130): Phinx\Migration\Manager->rollback('default', 20200928120000, false, true, false)
#4 C:\wamp64\www\MVC\vendor\cakephp\migrations\src\Command\CommandTrait.php(35): Phinx\Console\Command\Rollback->execute(Object(Symfony\Component\Console\Input\ArgvInput), Object(Symfony\Component\Console\Output\ConsoleOutput))
#5 C:\wamp64\www\MVC\vendor\cakephp\migrations\src\Command\Rollback.php(68): Migrations\Command\Rollback->parentExecute(Object(Symfony\Component\Console\Input\ArgvInput), Object(Symfony\Component\Console\Output\ConsoleOutput))
#6 C:\wamp64\www\MVC\vendor\symfony\console\Command\Command.php(255): Migrations\Command\Rollback->execute(Object(Symfony\Component\Console\Input\ArgvInput), Object(Symfony\Component\Console\Output\ConsoleOutput))
#7 C:\wamp64\www\MVC\vendor\symfony\console\Application.php(969): Symfony\Component\Console\Command\Command->run(Object(Symfony\Component\Console\Input\ArgvInput), Object(Symfony\Component\Console\Output\ConsoleOutput))
#8 C:\wamp64\www\MVC\vendor\symfony\console\Application.php(255): Symfony\Component\Console\Application->doRunCommand(Object(Migrations\Command\Rollback), Object(Symfony\Component\Console\Input\ArgvInput), Object(Symfony\Component\Console\Output\ConsoleOutput))
#9 C:\wamp64\www\MVC\vendor\symfony\console\Application.php(148): Symfony\Component\Console\Application->doRun(Object(Symfony\Component\Console\Input\ArgvInput), Object(Symfony\Component\Console\Output\ConsoleOutput))
#10 C:\wamp64\www\MVC\vendor\cakephp\migrations\src\Shell\MigrationsShell.php(108): Symfony\Component\Console\Application->run(Object(Symfony\Component\Console\Input\ArgvInput), Object(Symfony\Component\Console\Output\ConsoleOutput))
#11 C:\wamp64\www\MVC\vendor\cakephp\cakephp\src\Console\Shell.php(532): Migrations\Shell\MigrationsShell->main('migrations', 'rollback')
#12 C:\wamp64\www\MVC\vendor\cakephp\migrations\src\Shell\MigrationsShell.php(164): Cake\Console\Shell->runCommand(Array, true, Array)
#13 C:\wamp64\www\MVC\vendor\cakephp\cakephp\src\Console\CommandRunner.php(384): Migrations\Shell\MigrationsShell->runCommand(Array, true)
#14 C:\wamp64\www\MVC\vendor\cakephp\cakephp\src\Console\CommandRunner.php(162): Cake\Console\CommandRunner->runShell(Object(Migrations\Shell\MigrationsShell), Array)
#15 C:\wamp64\www\MVC\bin\cake.php(12): Cake\Console\CommandRunner->run(Array)
#16 {main}


2020-10-21 14:51:25 Error: [Exception] Impossivel Reversao in C:\wamp64\www\MVC\config\Migrations\20200928195200_CreateDado.php on line 30
Stack Trace:
#0 C:\wamp64\www\MVC\vendor\robmorgan\phinx\src\Phinx\Migration\Manager\Environment.php(128): CreateDado->down()
#1 C:\wamp64\www\MVC\vendor\robmorgan\phinx\src\Phinx\Migration\Manager.php(387): Phinx\Migration\Manager\Environment->executeMigration(Object(CreateDado), 'down', false)
#2 C:\wamp64\www\MVC\vendor\robmorgan\phinx\src\Phinx\Migration\Manager.php(529): Phinx\Migration\Manager->executeMigration('default', Object(CreateDado), 'down', false)
#3 C:\wamp64\www\MVC\vendor\robmorgan\phinx\src\Phinx\Console\Command\Rollback.php(130): Phinx\Migration\Manager->rollback('default', 20200928120000, false, true, false)
#4 C:\wamp64\www\MVC\vendor\cakephp\migrations\src\Command\CommandTrait.php(35): Phinx\Console\Command\Rollback->execute(Object(Symfony\Component\Console\Input\ArgvInput), Object(Symfony\Component\Console\Output\ConsoleOutput))
#5 C:\wamp64\www\MVC\vendor\cakephp\migrations\src\Command\Rollback.php(68): Migrations\Command\Rollback->parentExecute(Object(Symfony\Component\Console\Input\ArgvInput), Object(Symfony\Component\Console\Output\ConsoleOutput))
#6 C:\wamp64\www\MVC\vendor\symfony\console\Command\Command.php(255): Migrations\Command\Rollback->execute(Object(Symfony\Component\Console\Input\ArgvInput), Object(Symfony\Component\Console\Output\ConsoleOutput))
#7 C:\wamp64\www\MVC\vendor\symfony\console\Application.php(969): Symfony\Component\Console\Command\Command->run(Object(Symfony\Component\Console\Input\ArgvInput), Object(Symfony\Component\Console\Output\ConsoleOutput))
#8 C:\wamp64\www\MVC\vendor\symfony\console\Application.php(255): Symfony\Component\Console\Application->doRunCommand(Object(Migrations\Command\Rollback), Object(Symfony\Component\Console\Input\ArgvInput), Object(Symfony\Component\Console\Output\ConsoleOutput))
#9 C:\wamp64\www\MVC\vendor\symfony\console\Application.php(148): Symfony\Component\Console\Application->doRun(Object(Symfony\Component\Console\Input\ArgvInput), Object(Symfony\Component\Console\Output\ConsoleOutput))
#10 C:\wamp64\www\MVC\vendor\cakephp\migrations\src\Shell\MigrationsShell.php(108): Symfony\Component\Console\Application->run(Object(Symfony\Component\Console\Input\ArgvInput), Object(Symfony\Component\Console\Output\ConsoleOutput))
#11 C:\wamp64\www\MVC\vendor\cakephp\cakephp\src\Console\Shell.php(532): Migrations\Shell\MigrationsShell->main('migrations', 'rollback')
#12 C:\wamp64\www\MVC\vendor\cakephp\migrations\src\Shell\MigrationsShell.php(164): Cake\Console\Shell->runCommand(Array, true, Array)
#13 C:\wamp64\www\MVC\vendor\cakephp\cakephp\src\Console\CommandRunner.php(384): Migrations\Shell\MigrationsShell->runCommand(Array, true)
#14 C:\wamp64\www\MVC\vendor\cakephp\cakephp\src\Console\CommandRunner.php(162): Cake\Console\CommandRunner->runShell(Object(Migrations\Shell\MigrationsShell), Array)
#15 C:\wamp64\www\MVC\bin\cake.php(12): Cake\Console\CommandRunner->run(Array)
#16 {main}


2020-10-21 14:52:00 Error: [Exception] Impossivel Reversao in C:\wamp64\www\MVC\config\Migrations\20200928195200_CreateDado.php on line 30
Stack Trace:
#0 C:\wamp64\www\MVC\vendor\robmorgan\phinx\src\Phinx\Migration\Manager\Environment.php(128): CreateDado->down()
#1 C:\wamp64\www\MVC\vendor\robmorgan\phinx\src\Phinx\Migration\Manager.php(387): Phinx\Migration\Manager\Environment->executeMigration(Object(CreateDado), 'down', false)
#2 C:\wamp64\www\MVC\vendor\robmorgan\phinx\src\Phinx\Migration\Manager.php(529): Phinx\Migration\Manager->executeMigration('default', Object(CreateDado), 'down', false)
#3 C:\wamp64\www\MVC\vendor\robmorgan\phinx\src\Phinx\Console\Command\Rollback.php(130): Phinx\Migration\Manager->rollback('default', 0, false, true, false)
#4 C:\wamp64\www\MVC\vendor\cakephp\migrations\src\Command\CommandTrait.php(35): Phinx\Console\Command\Rollback->execute(Object(Symfony\Component\Console\Input\ArgvInput), Object(Symfony\Component\Console\Output\ConsoleOutput))
#5 C:\wamp64\www\MVC\vendor\cakephp\migrations\src\Command\Rollback.php(68): Migrations\Command\Rollback->parentExecute(Object(Symfony\Component\Console\Input\ArgvInput), Object(Symfony\Component\Console\Output\ConsoleOutput))
#6 C:\wamp64\www\MVC\vendor\symfony\console\Command\Command.php(255): Migrations\Command\Rollback->execute(Object(Symfony\Component\Console\Input\ArgvInput), Object(Symfony\Component\Console\Output\ConsoleOutput))
#7 C:\wamp64\www\MVC\vendor\symfony\console\Application.php(969): Symfony\Component\Console\Command\Command->run(Object(Symfony\Component\Console\Input\ArgvInput), Object(Symfony\Component\Console\Output\ConsoleOutput))
#8 C:\wamp64\www\MVC\vendor\symfony\console\Application.php(255): Symfony\Component\Console\Application->doRunCommand(Object(Migrations\Command\Rollback), Object(Symfony\Component\Console\Input\ArgvInput), Object(Symfony\Component\Console\Output\ConsoleOutput))
#9 C:\wamp64\www\MVC\vendor\symfony\console\Application.php(148): Symfony\Component\Console\Application->doRun(Object(Symfony\Component\Console\Input\ArgvInput), Object(Symfony\Component\Console\Output\ConsoleOutput))
#10 C:\wamp64\www\MVC\vendor\cakephp\migrations\src\Shell\MigrationsShell.php(108): Symfony\Component\Console\Application->run(Object(Symfony\Component\Console\Input\ArgvInput), Object(Symfony\Component\Console\Output\ConsoleOutput))
#11 C:\wamp64\www\MVC\vendor\cakephp\cakephp\src\Console\Shell.php(532): Migrations\Shell\MigrationsShell->main('migrations', 'rollback')
#12 C:\wamp64\www\MVC\vendor\cakephp\migrations\src\Shell\MigrationsShell.php(164): Cake\Console\Shell->runCommand(Array, true, Array)
#13 C:\wamp64\www\MVC\vendor\cakephp\cakephp\src\Console\CommandRunner.php(384): Migrations\Shell\MigrationsShell->runCommand(Array, true)
#14 C:\wamp64\www\MVC\vendor\cakephp\cakephp\src\Console\CommandRunner.php(162): Cake\Console\CommandRunner->runShell(Object(Migrations\Shell\MigrationsShell), Array)
#15 C:\wamp64\www\MVC\bin\cake.php(12): Cake\Console\CommandRunner->run(Array)
#16 {main}


2020-10-26 23:39:55 Error: [InvalidArgumentException] There was a problem connecting to the database: SQLSTATE[HY000] [1049] Unknown database 'creche' in C:\wamp64\www\MVC\vendor\robmorgan\phinx\src\Phinx\Db\Adapter\MysqlAdapter.php on line 127
Stack Trace:
#0 C:\wamp64\www\MVC\vendor\robmorgan\phinx\src\Phinx\Db\Adapter\PdoAdapter.php(136): Phinx\Db\Adapter\MysqlAdapter->connect()
#1 C:\wamp64\www\MVC\vendor\robmorgan\phinx\src\Phinx\Db\Adapter\AdapterWrapper.php(469): Phinx\Db\Adapter\PdoAdapter->getConnection()
#2 C:\wamp64\www\MVC\vendor\cakephp\migrations\src\CakeAdapter.php(56): Phinx\Db\Adapter\AdapterWrapper->getConnection()
#3 C:\wamp64\www\MVC\vendor\cakephp\migrations\src\Command\CommandTrait.php(78): Migrations\CakeAdapter->__construct(Object(Phinx\Db\Adapter\TimedOutputAdapter), Object(Cake\Database\Connection))
#4 C:\wamp64\www\MVC\vendor\robmorgan\phinx\src\Phinx\Console\Command\Migrate.php(74): Migrations\Command\Migrate->bootstrap(Object(Symfony\Component\Console\Input\ArgvInput), Object(Symfony\Component\Console\Output\ConsoleOutput))
#5 C:\wamp64\www\MVC\vendor\cakephp\migrations\src\Command\CommandTrait.php(35): Phinx\Console\Command\Migrate->execute(Object(Symfony\Component\Console\Input\ArgvInput), Object(Symfony\Component\Console\Output\ConsoleOutput))
#6 C:\wamp64\www\MVC\vendor\cakephp\migrations\src\Command\Migrate.php(67): Migrations\Command\Migrate->parentExecute(Object(Symfony\Component\Console\Input\ArgvInput), Object(Symfony\Component\Console\Output\ConsoleOutput))
#7 C:\wamp64\www\MVC\vendor\symfony\console\Command\Command.php(255): Migrations\Command\Migrate->execute(Object(Symfony\Component\Console\Input\ArgvInput), Object(Symfony\Component\Console\Output\ConsoleOutput))
#8 C:\wamp64\www\MVC\vendor\symfony\console\Application.php(969): Symfony\Component\Console\Command\Command->run(Object(Symfony\Component\Console\Input\ArgvInput), Object(Symfony\Component\Console\Output\ConsoleOutput))
#9 C:\wamp64\www\MVC\vendor\symfony\console\Application.php(255): Symfony\Component\Console\Application->doRunCommand(Object(Migrations\Command\Migrate), Object(Symfony\Component\Console\Input\ArgvInput), Object(Symfony\Component\Console\Output\ConsoleOutput))
#10 C:\wamp64\www\MVC\vendor\symfony\console\Application.php(148): Symfony\Component\Console\Application->doRun(Object(Symfony\Component\Console\Input\ArgvInput), Object(Symfony\Component\Console\Output\ConsoleOutput))
#11 C:\wamp64\www\MVC\vendor\cakephp\migrations\src\Shell\MigrationsShell.php(108): Symfony\Component\Console\Application->run(Object(Symfony\Component\Console\Input\ArgvInput), Object(Symfony\Component\Console\Output\ConsoleOutput))
#12 C:\wamp64\www\MVC\vendor\cakephp\cakephp\src\Console\Shell.php(532): Migrations\Shell\MigrationsShell->main('migrations', 'migrate')
#13 C:\wamp64\www\MVC\vendor\cakephp\migrations\src\Shell\MigrationsShell.php(164): Cake\Console\Shell->runCommand(Array, true, Array)
#14 C:\wamp64\www\MVC\vendor\cakephp\cakephp\src\Console\CommandRunner.php(384): Migrations\Shell\MigrationsShell->runCommand(Array, true)
#15 C:\wamp64\www\MVC\vendor\cakephp\cakephp\src\Console\CommandRunner.php(162): Cake\Console\CommandRunner->runShell(Object(Migrations\Shell\MigrationsShell), Array)
#16 C:\wamp64\www\MVC\bin\cake.php(12): Cake\Console\CommandRunner->run(Array)
#17 {main}


2020-10-26 23:53:55 Error: [InvalidArgumentException] There was a problem connecting to the database: SQLSTATE[HY000] [1049] Unknown database 'creche' in C:\wamp64\www\MVC\vendor\robmorgan\phinx\src\Phinx\Db\Adapter\MysqlAdapter.php on line 127
Stack Trace:
#0 C:\wamp64\www\MVC\vendor\robmorgan\phinx\src\Phinx\Db\Adapter\PdoAdapter.php(136): Phinx\Db\Adapter\MysqlAdapter->connect()
#1 C:\wamp64\www\MVC\vendor\robmorgan\phinx\src\Phinx\Db\Adapter\AdapterWrapper.php(469): Phinx\Db\Adapter\PdoAdapter->getConnection()
#2 C:\wamp64\www\MVC\vendor\cakephp\migrations\src\CakeAdapter.php(56): Phinx\Db\Adapter\AdapterWrapper->getConnection()
#3 C:\wamp64\www\MVC\vendor\cakephp\migrations\src\Command\CommandTrait.php(78): Migrations\CakeAdapter->__construct(Object(Phinx\Db\Adapter\TimedOutputAdapter), Object(Cake\Database\Connection))
#4 C:\wamp64\www\MVC\vendor\robmorgan\phinx\src\Phinx\Console\Command\Migrate.php(74): Migrations\Command\Migrate->bootstrap(Object(Symfony\Component\Console\Input\ArgvInput), Object(Symfony\Component\Console\Output\ConsoleOutput))
#5 C:\wamp64\www\MVC\vendor\cakephp\migrations\src\Command\CommandTrait.php(35): Phinx\Console\Command\Migrate->execute(Object(Symfony\Component\Console\Input\ArgvInput), Object(Symfony\Component\Console\Output\ConsoleOutput))
#6 C:\wamp64\www\MVC\vendor\cakephp\migrations\src\Command\Migrate.php(67): Migrations\Command\Migrate->parentExecute(Object(Symfony\Component\Console\Input\ArgvInput), Object(Symfony\Component\Console\Output\ConsoleOutput))
#7 C:\wamp64\www\MVC\vendor\symfony\console\Command\Command.php(255): Migrations\Command\Migrate->execute(Object(Symfony\Component\Console\Input\ArgvInput), Object(Symfony\Component\Console\Output\ConsoleOutput))
#8 C:\wamp64\www\MVC\vendor\symfony\console\Application.php(969): Symfony\Component\Console\Command\Command->run(Object(Symfony\Component\Console\Input\ArgvInput), Object(Symfony\Component\Console\Output\ConsoleOutput))
#9 C:\wamp64\www\MVC\vendor\symfony\console\Application.php(255): Symfony\Component\Console\Application->doRunCommand(Object(Migrations\Command\Migrate), Object(Symfony\Component\Console\Input\ArgvInput), Object(Symfony\Component\Console\Output\ConsoleOutput))
#10 C:\wamp64\www\MVC\vendor\symfony\console\Application.php(148): Symfony\Component\Console\Application->doRun(Object(Symfony\Component\Console\Input\ArgvInput), Object(Symfony\Component\Console\Output\ConsoleOutput))
#11 C:\wamp64\www\MVC\vendor\cakephp\migrations\src\Shell\MigrationsShell.php(108): Symfony\Component\Console\Application->run(Object(Symfony\Component\Console\Input\ArgvInput), Object(Symfony\Component\Console\Output\ConsoleOutput))
#12 C:\wamp64\www\MVC\vendor\cakephp\cakephp\src\Console\Shell.php(532): Migrations\Shell\MigrationsShell->main('migrations', 'migrate')
#13 C:\wamp64\www\MVC\vendor\cakephp\migrations\src\Shell\MigrationsShell.php(164): Cake\Console\Shell->runCommand(Array, true, Array)
#14 C:\wamp64\www\MVC\vendor\cakephp\cakephp\src\Console\CommandRunner.php(384): Migrations\Shell\MigrationsShell->runCommand(Array, true)
#15 C:\wamp64\www\MVC\vendor\cakephp\cakephp\src\Console\CommandRunner.php(162): Cake\Console\CommandRunner->runShell(Object(Migrations\Shell\MigrationsShell), Array)
#16 C:\wamp64\www\MVC\bin\cake.php(12): Cake\Console\CommandRunner->run(Array)
#17 {main}


2020-10-28 19:24:43 Error: [Cake\Database\Exception] SQLSTATE[42S02]: Base table or view not found: 1146 Table 'creche.cardapio' doesn't exist in C:\wamp64\www\MVC\vendor\cakephp\cakephp\src\Database\Schema\Collection.php on line 133
Stack Trace:
#0 C:\wamp64\www\MVC\vendor\cakephp\cakephp\src\Database\Schema\Collection.php(99): Cake\Database\Schema\Collection->_reflect('Column', 'cardapio', Array, Object(Cake\Database\Schema\TableSchema))
#1 C:\wamp64\www\MVC\vendor\cakephp\cakephp\src\Database\Schema\CachedCollection.php(63): Cake\Database\Schema\Collection->describe('cardapio', Array)
#2 C:\wamp64\www\MVC\vendor\cakephp\cakephp\src\ORM\Table.php(560): Cake\Database\Schema\CachedCollection->describe('cardapio')
#3 C:\wamp64\www\MVC\vendor\cakephp\cakephp\src\ORM\Table.php(685): Cake\ORM\Table->getSchema()
#4 C:\wamp64\www\MVC\vendor\cakephp\bake\src\Shell\Task\ModelTask.php(221): Cake\ORM\Table->getPrimaryKey()
#5 C:\wamp64\www\MVC\vendor\cakephp\bake\src\Shell\Task\ModelTask.php(131): Bake\Shell\Task\ModelTask->getAssociations(Object(Cake\ORM\Table))
#6 C:\wamp64\www\MVC\vendor\cakephp\bake\src\Shell\Task\ModelTask.php(114): Bake\Shell\Task\ModelTask->getTableContext(Object(Cake\ORM\Table), 'cardapio', 'Cardapio')
#7 C:\wamp64\www\MVC\vendor\cakephp\bake\src\Shell\Task\ModelTask.php(101): Bake\Shell\Task\ModelTask->bake('Cardapio')
#8 C:\wamp64\www\MVC\vendor\cakephp\cakephp\src\Console\Shell.php(532): Bake\Shell\Task\ModelTask->main('Cardapio')
#9 C:\wamp64\www\MVC\vendor\cakephp\cakephp\src\Console\Shell.php(525): Cake\Console\Shell->runCommand(Array, false, Array)
#10 C:\wamp64\www\MVC\vendor\cakephp\cakephp\src\Console\CommandRunner.php(384): Cake\Console\Shell->runCommand(Array, true)
#11 C:\wamp64\www\MVC\vendor\cakephp\cakephp\src\Console\CommandRunner.php(162): Cake\Console\CommandRunner->runShell(Object(Bake\Shell\BakeShell), Array)
#12 C:\wamp64\www\MVC\bin\cake.php(12): Cake\Console\CommandRunner->run(Array)
#13 {main}


Caused by: [PDOException] SQLSTATE[42S02]: Base table or view not found: 1146 Table 'creche.cardapio' doesn't exist in C:\wamp64\www\MVC\vendor\cakephp\cakephp\src\Database\Statement\MysqlStatement.php on line 39
Stack Trace:
#0 C:\wamp64\www\MVC\vendor\cakephp\cakephp\src\Database\Statement\MysqlStatement.php(39): PDOStatement->execute(NULL)
#1 C:\wamp64\www\MVC\vendor\cakephp\cakephp\src\Database\Connection.php(350): Cake\Database\Statement\MysqlStatement->execute()
#2 C:\wamp64\www\MVC\vendor\cakephp\cakephp\src\Core\Retry\CommandRetry.php(68): Cake\Database\Connection->Cake\Database\{closure}()
#3 C:\wamp64\www\MVC\vendor\cakephp\cakephp\src\Database\Connection.php(353): Cake\Core\Retry\CommandRetry->run(Object(Closure))
#4 C:\wamp64\www\MVC\vendor\cakephp\cakephp\src\Database\Connection.php(302): Cake\Database\Connection->query('SHOW FULL COLUM...')
#5 C:\wamp64\www\MVC\vendor\cakephp\cakephp\src\Core\Retry\CommandRetry.php(68): Cake\Database\Connection->Cake\Database\{closure}()
#6 C:\wamp64\www\MVC\vendor\cakephp\cakephp\src\Database\Connection.php(306): Cake\Core\Retry\CommandRetry->run(Object(Closure))
#7 C:\wamp64\www\MVC\vendor\cakephp\cakephp\src\Database\Schema\Collection.php(131): Cake\Database\Connection->execute('SHOW FULL COLUM...', Array)
#8 C:\wamp64\www\MVC\vendor\cakephp\cakephp\src\Database\Schema\Collection.php(99): Cake\Database\Schema\Collection->_reflect('Column', 'cardapio', Array, Object(Cake\Database\Schema\TableSchema))
#9 C:\wamp64\www\MVC\vendor\cakephp\cakephp\src\Database\Schema\CachedCollection.php(63): Cake\Database\Schema\Collection->describe('cardapio', Array)
#10 C:\wamp64\www\MVC\vendor\cakephp\cakephp\src\ORM\Table.php(560): Cake\Database\Schema\CachedCollection->describe('cardapio')
#11 C:\wamp64\www\MVC\vendor\cakephp\cakephp\src\ORM\Table.php(685): Cake\ORM\Table->getSchema()
#12 C:\wamp64\www\MVC\vendor\cakephp\bake\src\Shell\Task\ModelTask.php(221): Cake\ORM\Table->getPrimaryKey()
#13 C:\wamp64\www\MVC\vendor\cakephp\bake\src\Shell\Task\ModelTask.php(131): Bake\Shell\Task\ModelTask->getAssociations(Object(Cake\ORM\Table))
#14 C:\wamp64\www\MVC\vendor\cakephp\bake\src\Shell\Task\ModelTask.php(114): Bake\Shell\Task\ModelTask->getTableContext(Object(Cake\ORM\Table), 'cardapio', 'Cardapio')
#15 C:\wamp64\www\MVC\vendor\cakephp\bake\src\Shell\Task\ModelTask.php(101): Bake\Shell\Task\ModelTask->bake('Cardapio')
#16 C:\wamp64\www\MVC\vendor\cakephp\cakephp\src\Console\Shell.php(532): Bake\Shell\Task\ModelTask->main('Cardapio')
#17 C:\wamp64\www\MVC\vendor\cakephp\cakephp\src\Console\Shell.php(525): Cake\Console\Shell->runCommand(Array, false, Array)
#18 C:\wamp64\www\MVC\vendor\cakephp\cakephp\src\Console\CommandRunner.php(384): Cake\Console\Shell->runCommand(Array, true)
#19 C:\wamp64\www\MVC\vendor\cakephp\cakephp\src\Console\CommandRunner.php(162): Cake\Console\CommandRunner->runShell(Object(Bake\Shell\BakeShell), Array)
#20 C:\wamp64\www\MVC\bin\cake.php(12): Cake\Console\CommandRunner->run(Array)
#21 {main}


2020-10-28 19:26:05 Error: [Cake\Database\Exception] SQLSTATE[42S02]: Base table or view not found: 1146 Table 'creche.cardapio' doesn't exist in C:\wamp64\www\MVC\vendor\cakephp\cakephp\src\Database\Schema\Collection.php on line 133
Stack Trace:
#0 C:\wamp64\www\MVC\vendor\cakephp\cakephp\src\Database\Schema\Collection.php(99): Cake\Database\Schema\Collection->_reflect('Column', 'cardapio', Array, Object(Cake\Database\Schema\TableSchema))
#1 C:\wamp64\www\MVC\vendor\cakephp\cakephp\src\Database\Schema\CachedCollection.php(63): Cake\Database\Schema\Collection->describe('cardapio', Array)
#2 C:\wamp64\www\MVC\vendor\cakephp\cakephp\src\ORM\Table.php(560): Cake\Database\Schema\CachedCollection->describe('cardapio')
#3 C:\wamp64\www\MVC\vendor\cakephp\cakephp\src\ORM\Table.php(685): Cake\ORM\Table->getSchema()
#4 C:\wamp64\www\MVC\vendor\cakephp\bake\src\Shell\Task\TemplateTask.php(288): Cake\ORM\Table->getPrimaryKey()
#5 C:\wamp64\www\MVC\vendor\cakephp\bake\src\Shell\Task\TemplateTask.php(142): Bake\Shell\Task\TemplateTask->_loadController()
#6 C:\wamp64\www\MVC\vendor\cakephp\cakephp\src\Console\Shell.php(532): Bake\Shell\Task\TemplateTask->main('Cardapio')
#7 C:\wamp64\www\MVC\vendor\cakephp\cakephp\src\Console\Shell.php(525): Cake\Console\Shell->runCommand(Array, false, Array)
#8 C:\wamp64\www\MVC\vendor\cakephp\cakephp\src\Console\CommandRunner.php(384): Cake\Console\Shell->runCommand(Array, true)
#9 C:\wamp64\www\MVC\vendor\cakephp\cakephp\src\Console\CommandRunner.php(162): Cake\Console\CommandRunner->runShell(Object(Bake\Shell\BakeShell), Array)
#10 C:\wamp64\www\MVC\bin\cake.php(12): Cake\Console\CommandRunner->run(Array)
#11 {main}


Caused by: [PDOException] SQLSTATE[42S02]: Base table or view not found: 1146 Table 'creche.cardapio' doesn't exist in C:\wamp64\www\MVC\vendor\cakephp\cakephp\src\Database\Statement\MysqlStatement.php on line 39
Stack Trace:
#0 C:\wamp64\www\MVC\vendor\cakephp\cakephp\src\Database\Statement\MysqlStatement.php(39): PDOStatement->execute(NULL)
#1 C:\wamp64\www\MVC\vendor\cakephp\cakephp\src\Database\Connection.php(350): Cake\Database\Statement\MysqlStatement->execute()
#2 C:\wamp64\www\MVC\vendor\cakephp\cakephp\src\Core\Retry\CommandRetry.php(68): Cake\Database\Connection->Cake\Database\{closure}()
#3 C:\wamp64\www\MVC\vendor\cakephp\cakephp\src\Database\Connection.php(353): Cake\Core\Retry\CommandRetry->run(Object(Closure))
#4 C:\wamp64\www\MVC\vendor\cakephp\cakephp\src\Database\Connection.php(302): Cake\Database\Connection->query('SHOW FULL COLUM...')
#5 C:\wamp64\www\MVC\vendor\cakephp\cakephp\src\Core\Retry\CommandRetry.php(68): Cake\Database\Connection->Cake\Database\{closure}()
#6 C:\wamp64\www\MVC\vendor\cakephp\cakephp\src\Database\Connection.php(306): Cake\Core\Retry\CommandRetry->run(Object(Closure))
#7 C:\wamp64\www\MVC\vendor\cakephp\cakephp\src\Database\Schema\Collection.php(131): Cake\Database\Connection->execute('SHOW FULL COLUM...', Array)
#8 C:\wamp64\www\MVC\vendor\cakephp\cakephp\src\Database\Schema\Collection.php(99): Cake\Database\Schema\Collection->_reflect('Column', 'cardapio', Array, Object(Cake\Database\Schema\TableSchema))
#9 C:\wamp64\www\MVC\vendor\cakephp\cakephp\src\Database\Schema\CachedCollection.php(63): Cake\Database\Schema\Collection->describe('cardapio', Array)
#10 C:\wamp64\www\MVC\vendor\cakephp\cakephp\src\ORM\Table.php(560): Cake\Database\Schema\CachedCollection->describe('cardapio')
#11 C:\wamp64\www\MVC\vendor\cakephp\cakephp\src\ORM\Table.php(685): Cake\ORM\Table->getSchema()
#12 C:\wamp64\www\MVC\vendor\cakephp\bake\src\Shell\Task\TemplateTask.php(288): Cake\ORM\Table->getPrimaryKey()
#13 C:\wamp64\www\MVC\vendor\cakephp\bake\src\Shell\Task\TemplateTask.php(142): Bake\Shell\Task\TemplateTask->_loadController()
#14 C:\wamp64\www\MVC\vendor\cakephp\cakephp\src\Console\Shell.php(532): Bake\Shell\Task\TemplateTask->main('Cardapio')
#15 C:\wamp64\www\MVC\vendor\cakephp\cakephp\src\Console\Shell.php(525): Cake\Console\Shell->runCommand(Array, false, Array)
#16 C:\wamp64\www\MVC\vendor\cakephp\cakephp\src\Console\CommandRunner.php(384): Cake\Console\Shell->runCommand(Array, true)
#17 C:\wamp64\www\MVC\vendor\cakephp\cakephp\src\Console\CommandRunner.php(162): Cake\Console\CommandRunner->runShell(Object(Bake\Shell\BakeShell), Array)
#18 C:\wamp64\www\MVC\bin\cake.php(12): Cake\Console\CommandRunner->run(Array)
#19 {main}


2020-10-28 19:30:43 Error: [Cake\Database\Exception] SQLSTATE[42S02]: Base table or view not found: 1146 Table 'creche.cardapio' doesn't exist in C:\wamp64\www\MVC\vendor\cakephp\cakephp\src\Database\Schema\Collection.php on line 133
Stack Trace:
#0 C:\wamp64\www\MVC\vendor\cakephp\cakephp\src\Database\Schema\Collection.php(99): Cake\Database\Schema\Collection->_reflect('Column', 'cardapio', Array, Object(Cake\Database\Schema\TableSchema))
#1 C:\wamp64\www\MVC\vendor\cakephp\cakephp\src\Database\Schema\CachedCollection.php(63): Cake\Database\Schema\Collection->describe('cardapio', Array)
#2 C:\wamp64\www\MVC\vendor\cakephp\cakephp\src\ORM\Table.php(560): Cake\Database\Schema\CachedCollection->describe('cardapio')
#3 C:\wamp64\www\MVC\vendor\cakephp\cakephp\src\ORM\Table.php(685): Cake\ORM\Table->getSchema()
#4 C:\wamp64\www\MVC\vendor\cakephp\bake\src\Shell\Task\ModelTask.php(221): Cake\ORM\Table->getPrimaryKey()
#5 C:\wamp64\www\MVC\vendor\cakephp\bake\src\Shell\Task\ModelTask.php(131): Bake\Shell\Task\ModelTask->getAssociations(Object(Cake\ORM\Table))
#6 C:\wamp64\www\MVC\vendor\cakephp\bake\src\Shell\Task\ModelTask.php(114): Bake\Shell\Task\ModelTask->getTableContext(Object(Cake\ORM\Table), 'cardapio', 'Cardapio')
#7 C:\wamp64\www\MVC\vendor\cakephp\bake\src\Shell\Task\ModelTask.php(101): Bake\Shell\Task\ModelTask->bake('Cardapio')
#8 C:\wamp64\www\MVC\vendor\cakephp\cakephp\src\Console\Shell.php(532): Bake\Shell\Task\ModelTask->main('Cardapio')
#9 C:\wamp64\www\MVC\vendor\cakephp\cakephp\src\Console\Shell.php(525): Cake\Console\Shell->runCommand(Array, false, Array)
#10 C:\wamp64\www\MVC\vendor\cakephp\cakephp\src\Console\CommandRunner.php(384): Cake\Console\Shell->runCommand(Array, true)
#11 C:\wamp64\www\MVC\vendor\cakephp\cakephp\src\Console\CommandRunner.php(162): Cake\Console\CommandRunner->runShell(Object(Bake\Shell\BakeShell), Array)
#12 C:\wamp64\www\MVC\bin\cake.php(12): Cake\Console\CommandRunner->run(Array)
#13 {main}


Caused by: [PDOException] SQLSTATE[42S02]: Base table or view not found: 1146 Table 'creche.cardapio' doesn't exist in C:\wamp64\www\MVC\vendor\cakephp\cakephp\src\Database\Statement\MysqlStatement.php on line 39
Stack Trace:
#0 C:\wamp64\www\MVC\vendor\cakephp\cakephp\src\Database\Statement\MysqlStatement.php(39): PDOStatement->execute(NULL)
#1 C:\wamp64\www\MVC\vendor\cakephp\cakephp\src\Database\Connection.php(350): Cake\Database\Statement\MysqlStatement->execute()
#2 C:\wamp64\www\MVC\vendor\cakephp\cakephp\src\Core\Retry\CommandRetry.php(68): Cake\Database\Connection->Cake\Database\{closure}()
#3 C:\wamp64\www\MVC\vendor\cakephp\cakephp\src\Database\Connection.php(353): Cake\Core\Retry\CommandRetry->run(Object(Closure))
#4 C:\wamp64\www\MVC\vendor\cakephp\cakephp\src\Database\Connection.php(302): Cake\Database\Connection->query('SHOW FULL COLUM...')
#5 C:\wamp64\www\MVC\vendor\cakephp\cakephp\src\Core\Retry\CommandRetry.php(68): Cake\Database\Connection->Cake\Database\{closure}()
#6 C:\wamp64\www\MVC\vendor\cakephp\cakephp\src\Database\Connection.php(306): Cake\Core\Retry\CommandRetry->run(Object(Closure))
#7 C:\wamp64\www\MVC\vendor\cakephp\cakephp\src\Database\Schema\Collection.php(131): Cake\Database\Connection->execute('SHOW FULL COLUM...', Array)
#8 C:\wamp64\www\MVC\vendor\cakephp\cakephp\src\Database\Schema\Collection.php(99): Cake\Database\Schema\Collection->_reflect('Column', 'cardapio', Array, Object(Cake\Database\Schema\TableSchema))
#9 C:\wamp64\www\MVC\vendor\cakephp\cakephp\src\Database\Schema\CachedCollection.php(63): Cake\Database\Schema\Collection->describe('cardapio', Array)
#10 C:\wamp64\www\MVC\vendor\cakephp\cakephp\src\ORM\Table.php(560): Cake\Database\Schema\CachedCollection->describe('cardapio')
#11 C:\wamp64\www\MVC\vendor\cakephp\cakephp\src\ORM\Table.php(685): Cake\ORM\Table->getSchema()
#12 C:\wamp64\www\MVC\vendor\cakephp\bake\src\Shell\Task\ModelTask.php(221): Cake\ORM\Table->getPrimaryKey()
#13 C:\wamp64\www\MVC\vendor\cakephp\bake\src\Shell\Task\ModelTask.php(131): Bake\Shell\Task\ModelTask->getAssociations(Object(Cake\ORM\Table))
#14 C:\wamp64\www\MVC\vendor\cakephp\bake\src\Shell\Task\ModelTask.php(114): Bake\Shell\Task\ModelTask->getTableContext(Object(Cake\ORM\Table), 'cardapio', 'Cardapio')
#15 C:\wamp64\www\MVC\vendor\cakephp\bake\src\Shell\Task\ModelTask.php(101): Bake\Shell\Task\ModelTask->bake('Cardapio')
#16 C:\wamp64\www\MVC\vendor\cakephp\cakephp\src\Console\Shell.php(532): Bake\Shell\Task\ModelTask->main('Cardapio')
#17 C:\wamp64\www\MVC\vendor\cakephp\cakephp\src\Console\Shell.php(525): Cake\Console\Shell->runCommand(Array, false, Array)
#18 C:\wamp64\www\MVC\vendor\cakephp\cakephp\src\Console\CommandRunner.php(384): Cake\Console\Shell->runCommand(Array, true)
#19 C:\wamp64\www\MVC\vendor\cakephp\cakephp\src\Console\CommandRunner.php(162): Cake\Console\CommandRunner->runShell(Object(Bake\Shell\BakeShell), Array)
#20 C:\wamp64\www\MVC\bin\cake.php(12): Cake\Console\CommandRunner->run(Array)
#21 {main}


2020-10-28 19:31:23 Error: [Cake\Database\Exception] SQLSTATE[42S02]: Base table or view not found: 1146 Table 'creche.cardapio' doesn't exist in C:\wamp64\www\MVC\vendor\cakephp\cakephp\src\Database\Schema\Collection.php on line 133
Stack Trace:
#0 C:\wamp64\www\MVC\vendor\cakephp\cakephp\src\Database\Schema\Collection.php(99): Cake\Database\Schema\Collection->_reflect('Column', 'cardapio', Array, Object(Cake\Database\Schema\TableSchema))
#1 C:\wamp64\www\MVC\vendor\cakephp\cakephp\src\Database\Schema\CachedCollection.php(63): Cake\Database\Schema\Collection->describe('cardapio', Array)
#2 C:\wamp64\www\MVC\vendor\cakephp\cakephp\src\ORM\Table.php(560): Cake\Database\Schema\CachedCollection->describe('cardapio')
#3 C:\wamp64\www\MVC\vendor\cakephp\cakephp\src\ORM\Table.php(685): Cake\ORM\Table->getSchema()
#4 C:\wamp64\www\MVC\vendor\cakephp\bake\src\Shell\Task\TemplateTask.php(288): Cake\ORM\Table->getPrimaryKey()
#5 C:\wamp64\www\MVC\vendor\cakephp\bake\src\Shell\Task\TemplateTask.php(142): Bake\Shell\Task\TemplateTask->_loadController()
#6 C:\wamp64\www\MVC\vendor\cakephp\cakephp\src\Console\Shell.php(532): Bake\Shell\Task\TemplateTask->main('Cardapio')
#7 C:\wamp64\www\MVC\vendor\cakephp\cakephp\src\Console\Shell.php(525): Cake\Console\Shell->runCommand(Array, false, Array)
#8 C:\wamp64\www\MVC\vendor\cakephp\cakephp\src\Console\CommandRunner.php(384): Cake\Console\Shell->runCommand(Array, true)
#9 C:\wamp64\www\MVC\vendor\cakephp\cakephp\src\Console\CommandRunner.php(162): Cake\Console\CommandRunner->runShell(Object(Bake\Shell\BakeShell), Array)
#10 C:\wamp64\www\MVC\bin\cake.php(12): Cake\Console\CommandRunner->run(Array)
#11 {main}


Caused by: [PDOException] SQLSTATE[42S02]: Base table or view not found: 1146 Table 'creche.cardapio' doesn't exist in C:\wamp64\www\MVC\vendor\cakephp\cakephp\src\Database\Statement\MysqlStatement.php on line 39
Stack Trace:
#0 C:\wamp64\www\MVC\vendor\cakephp\cakephp\src\Database\Statement\MysqlStatement.php(39): PDOStatement->execute(NULL)
#1 C:\wamp64\www\MVC\vendor\cakephp\cakephp\src\Database\Connection.php(350): Cake\Database\Statement\MysqlStatement->execute()
#2 C:\wamp64\www\MVC\vendor\cakephp\cakephp\src\Core\Retry\CommandRetry.php(68): Cake\Database\Connection->Cake\Database\{closure}()
#3 C:\wamp64\www\MVC\vendor\cakephp\cakephp\src\Database\Connection.php(353): Cake\Core\Retry\CommandRetry->run(Object(Closure))
#4 C:\wamp64\www\MVC\vendor\cakephp\cakephp\src\Database\Connection.php(302): Cake\Database\Connection->query('SHOW FULL COLUM...')
#5 C:\wamp64\www\MVC\vendor\cakephp\cakephp\src\Core\Retry\CommandRetry.php(68): Cake\Database\Connection->Cake\Database\{closure}()
#6 C:\wamp64\www\MVC\vendor\cakephp\cakephp\src\Database\Connection.php(306): Cake\Core\Retry\CommandRetry->run(Object(Closure))
#7 C:\wamp64\www\MVC\vendor\cakephp\cakephp\src\Database\Schema\Collection.php(131): Cake\Database\Connection->execute('SHOW FULL COLUM...', Array)
#8 C:\wamp64\www\MVC\vendor\cakephp\cakephp\src\Database\Schema\Collection.php(99): Cake\Database\Schema\Collection->_reflect('Column', 'cardapio', Array, Object(Cake\Database\Schema\TableSchema))
#9 C:\wamp64\www\MVC\vendor\cakephp\cakephp\src\Database\Schema\CachedCollection.php(63): Cake\Database\Schema\Collection->describe('cardapio', Array)
#10 C:\wamp64\www\MVC\vendor\cakephp\cakephp\src\ORM\Table.php(560): Cake\Database\Schema\CachedCollection->describe('cardapio')
#11 C:\wamp64\www\MVC\vendor\cakephp\cakephp\src\ORM\Table.php(685): Cake\ORM\Table->getSchema()
#12 C:\wamp64\www\MVC\vendor\cakephp\bake\src\Shell\Task\TemplateTask.php(288): Cake\ORM\Table->getPrimaryKey()
#13 C:\wamp64\www\MVC\vendor\cakephp\bake\src\Shell\Task\TemplateTask.php(142): Bake\Shell\Task\TemplateTask->_loadController()
#14 C:\wamp64\www\MVC\vendor\cakephp\cakephp\src\Console\Shell.php(532): Bake\Shell\Task\TemplateTask->main('Cardapio')
#15 C:\wamp64\www\MVC\vendor\cakephp\cakephp\src\Console\Shell.php(525): Cake\Console\Shell->runCommand(Array, false, Array)
#16 C:\wamp64\www\MVC\vendor\cakephp\cakephp\src\Console\CommandRunner.php(384): Cake\Console\Shell->runCommand(Array, true)
#17 C:\wamp64\www\MVC\vendor\cakephp\cakephp\src\Console\CommandRunner.php(162): Cake\Console\CommandRunner->runShell(Object(Bake\Shell\BakeShell), Array)
#18 C:\wamp64\www\MVC\bin\cake.php(12): Cake\Console\CommandRunner->run(Array)
#19 {main}


2020-10-28 19:36:02 Error: [Cake\Database\Exception] SQLSTATE[42S02]: Base table or view not found: 1146 Table 'creche.cardapio' doesn't exist in C:\wamp64\www\MVC\vendor\cakephp\cakephp\src\Database\Schema\Collection.php on line 133
Stack Trace:
#0 C:\wamp64\www\MVC\vendor\cakephp\cakephp\src\Database\Schema\Collection.php(99): Cake\Database\Schema\Collection->_reflect('Column', 'cardapio', Array, Object(Cake\Database\Schema\TableSchema))
#1 C:\wamp64\www\MVC\vendor\cakephp\cakephp\src\Database\Schema\CachedCollection.php(63): Cake\Database\Schema\Collection->describe('cardapio', Array)
#2 C:\wamp64\www\MVC\vendor\cakephp\cakephp\src\ORM\Table.php(560): Cake\Database\Schema\CachedCollection->describe('cardapio')
#3 C:\wamp64\www\MVC\vendor\cakephp\cakephp\src\ORM\Table.php(685): Cake\ORM\Table->getSchema()
#4 C:\wamp64\www\MVC\vendor\cakephp\bake\src\Shell\Task\TemplateTask.php(288): Cake\ORM\Table->getPrimaryKey()
#5 C:\wamp64\www\MVC\vendor\cakephp\bake\src\Shell\Task\TemplateTask.php(142): Bake\Shell\Task\TemplateTask->_loadController()
#6 C:\wamp64\www\MVC\vendor\cakephp\cakephp\src\Console\Shell.php(532): Bake\Shell\Task\TemplateTask->main('cardapio')
#7 C:\wamp64\www\MVC\vendor\cakephp\cakephp\src\Console\Shell.php(525): Cake\Console\Shell->runCommand(Array, false, Array)
#8 C:\wamp64\www\MVC\vendor\cakephp\cakephp\src\Console\CommandRunner.php(384): Cake\Console\Shell->runCommand(Array, true)
#9 C:\wamp64\www\MVC\vendor\cakephp\cakephp\src\Console\CommandRunner.php(162): Cake\Console\CommandRunner->runShell(Object(Bake\Shell\BakeShell), Array)
#10 C:\wamp64\www\MVC\bin\cake.php(12): Cake\Console\CommandRunner->run(Array)
#11 {main}


Caused by: [PDOException] SQLSTATE[42S02]: Base table or view not found: 1146 Table 'creche.cardapio' doesn't exist in C:\wamp64\www\MVC\vendor\cakephp\cakephp\src\Database\Statement\MysqlStatement.php on line 39
Stack Trace:
#0 C:\wamp64\www\MVC\vendor\cakephp\cakephp\src\Database\Statement\MysqlStatement.php(39): PDOStatement->execute(NULL)
#1 C:\wamp64\www\MVC\vendor\cakephp\cakephp\src\Database\Connection.php(350): Cake\Database\Statement\MysqlStatement->execute()
#2 C:\wamp64\www\MVC\vendor\cakephp\cakephp\src\Core\Retry\CommandRetry.php(68): Cake\Database\Connection->Cake\Database\{closure}()
#3 C:\wamp64\www\MVC\vendor\cakephp\cakephp\src\Database\Connection.php(353): Cake\Core\Retry\CommandRetry->run(Object(Closure))
#4 C:\wamp64\www\MVC\vendor\cakephp\cakephp\src\Database\Connection.php(302): Cake\Database\Connection->query('SHOW FULL COLUM...')
#5 C:\wamp64\www\MVC\vendor\cakephp\cakephp\src\Core\Retry\CommandRetry.php(68): Cake\Database\Connection->Cake\Database\{closure}()
#6 C:\wamp64\www\MVC\vendor\cakephp\cakephp\src\Database\Connection.php(306): Cake\Core\Retry\CommandRetry->run(Object(Closure))
#7 C:\wamp64\www\MVC\vendor\cakephp\cakephp\src\Database\Schema\Collection.php(131): Cake\Database\Connection->execute('SHOW FULL COLUM...', Array)
#8 C:\wamp64\www\MVC\vendor\cakephp\cakephp\src\Database\Schema\Collection.php(99): Cake\Database\Schema\Collection->_reflect('Column', 'cardapio', Array, Object(Cake\Database\Schema\TableSchema))
#9 C:\wamp64\www\MVC\vendor\cakephp\cakephp\src\Database\Schema\CachedCollection.php(63): Cake\Database\Schema\Collection->describe('cardapio', Array)
#10 C:\wamp64\www\MVC\vendor\cakephp\cakephp\src\ORM\Table.php(560): Cake\Database\Schema\CachedCollection->describe('cardapio')
#11 C:\wamp64\www\MVC\vendor\cakephp\cakephp\src\ORM\Table.php(685): Cake\ORM\Table->getSchema()
#12 C:\wamp64\www\MVC\vendor\cakephp\bake\src\Shell\Task\TemplateTask.php(288): Cake\ORM\Table->getPrimaryKey()
#13 C:\wamp64\www\MVC\vendor\cakephp\bake\src\Shell\Task\TemplateTask.php(142): Bake\Shell\Task\TemplateTask->_loadController()
#14 C:\wamp64\www\MVC\vendor\cakephp\cakephp\src\Console\Shell.php(532): Bake\Shell\Task\TemplateTask->main('cardapio')
#15 C:\wamp64\www\MVC\vendor\cakephp\cakephp\src\Console\Shell.php(525): Cake\Console\Shell->runCommand(Array, false, Array)
#16 C:\wamp64\www\MVC\vendor\cakephp\cakephp\src\Console\CommandRunner.php(384): Cake\Console\Shell->runCommand(Array, true)
#17 C:\wamp64\www\MVC\vendor\cakephp\cakephp\src\Console\CommandRunner.php(162): Cake\Console\CommandRunner->runShell(Object(Bake\Shell\BakeShell), Array)
#18 C:\wamp64\www\MVC\bin\cake.php(12): Cake\Console\CommandRunner->run(Array)
#19 {main}


2020-10-29 00:39:39 Error: [Cake\Database\Exception] SQLSTATE[42S02]: Base table or view not found: 1146 Table 'creche.cardapio' doesn't exist in C:\wamp64\www\MVC\vendor\cakephp\cakephp\src\Database\Schema\Collection.php on line 133
Stack Trace:
#0 C:\wamp64\www\MVC\vendor\cakephp\cakephp\src\Database\Schema\Collection.php(99): Cake\Database\Schema\Collection->_reflect('Column', 'cardapio', Array, Object(Cake\Database\Schema\TableSchema))
#1 C:\wamp64\www\MVC\vendor\cakephp\cakephp\src\Database\Schema\CachedCollection.php(63): Cake\Database\Schema\Collection->describe('cardapio', Array)
#2 C:\wamp64\www\MVC\vendor\cakephp\cakephp\src\ORM\Table.php(560): Cake\Database\Schema\CachedCollection->describe('cardapio')
#3 C:\wamp64\www\MVC\vendor\cakephp\cakephp\src\ORM\Table.php(685): Cake\ORM\Table->getSchema()
#4 C:\wamp64\www\MVC\vendor\cakephp\bake\src\Shell\Task\ModelTask.php(221): Cake\ORM\Table->getPrimaryKey()
#5 C:\wamp64\www\MVC\vendor\cakephp\bake\src\Shell\Task\ModelTask.php(131): Bake\Shell\Task\ModelTask->getAssociations(Object(Cake\ORM\Table))
#6 C:\wamp64\www\MVC\vendor\cakephp\bake\src\Shell\Task\ModelTask.php(114): Bake\Shell\Task\ModelTask->getTableContext(Object(Cake\ORM\Table), 'cardapio', 'Cardapio')
#7 C:\wamp64\www\MVC\vendor\cakephp\bake\src\Shell\Task\ModelTask.php(101): Bake\Shell\Task\ModelTask->bake('Cardapio')
#8 C:\wamp64\www\MVC\vendor\cakephp\cakephp\src\Console\Shell.php(532): Bake\Shell\Task\ModelTask->main('Cardapio')
#9 C:\wamp64\www\MVC\vendor\cakephp\cakephp\src\Console\Shell.php(525): Cake\Console\Shell->runCommand(Array, false, Array)
#10 C:\wamp64\www\MVC\vendor\cakephp\cakephp\src\Console\CommandRunner.php(384): Cake\Console\Shell->runCommand(Array, true)
#11 C:\wamp64\www\MVC\vendor\cakephp\cakephp\src\Console\CommandRunner.php(162): Cake\Console\CommandRunner->runShell(Object(Bake\Shell\BakeShell), Array)
#12 C:\wamp64\www\MVC\bin\cake.php(12): Cake\Console\CommandRunner->run(Array)
#13 {main}


Caused by: [PDOException] SQLSTATE[42S02]: Base table or view not found: 1146 Table 'creche.cardapio' doesn't exist in C:\wamp64\www\MVC\vendor\cakephp\cakephp\src\Database\Statement\MysqlStatement.php on line 39
Stack Trace:
#0 C:\wamp64\www\MVC\vendor\cakephp\cakephp\src\Database\Statement\MysqlStatement.php(39): PDOStatement->execute(NULL)
#1 C:\wamp64\www\MVC\vendor\cakephp\cakephp\src\Database\Connection.php(350): Cake\Database\Statement\MysqlStatement->execute()
#2 C:\wamp64\www\MVC\vendor\cakephp\cakephp\src\Core\Retry\CommandRetry.php(68): Cake\Database\Connection->Cake\Database\{closure}()
#3 C:\wamp64\www\MVC\vendor\cakephp\cakephp\src\Database\Connection.php(353): Cake\Core\Retry\CommandRetry->run(Object(Closure))
#4 C:\wamp64\www\MVC\vendor\cakephp\cakephp\src\Database\Connection.php(302): Cake\Database\Connection->query('SHOW FULL COLUM...')
#5 C:\wamp64\www\MVC\vendor\cakephp\cakephp\src\Core\Retry\CommandRetry.php(68): Cake\Database\Connection->Cake\Database\{closure}()
#6 C:\wamp64\www\MVC\vendor\cakephp\cakephp\src\Database\Connection.php(306): Cake\Core\Retry\CommandRetry->run(Object(Closure))
#7 C:\wamp64\www\MVC\vendor\cakephp\cakephp\src\Database\Schema\Collection.php(131): Cake\Database\Connection->execute('SHOW FULL COLUM...', Array)
#8 C:\wamp64\www\MVC\vendor\cakephp\cakephp\src\Database\Schema\Collection.php(99): Cake\Database\Schema\Collection->_reflect('Column', 'cardapio', Array, Object(Cake\Database\Schema\TableSchema))
#9 C:\wamp64\www\MVC\vendor\cakephp\cakephp\src\Database\Schema\CachedCollection.php(63): Cake\Database\Schema\Collection->describe('cardapio', Array)
#10 C:\wamp64\www\MVC\vendor\cakephp\cakephp\src\ORM\Table.php(560): Cake\Database\Schema\CachedCollection->describe('cardapio')
#11 C:\wamp64\www\MVC\vendor\cakephp\cakephp\src\ORM\Table.php(685): Cake\ORM\Table->getSchema()
#12 C:\wamp64\www\MVC\vendor\cakephp\bake\src\Shell\Task\ModelTask.php(221): Cake\ORM\Table->getPrimaryKey()
#13 C:\wamp64\www\MVC\vendor\cakephp\bake\src\Shell\Task\ModelTask.php(131): Bake\Shell\Task\ModelTask->getAssociations(Object(Cake\ORM\Table))
#14 C:\wamp64\www\MVC\vendor\cakephp\bake\src\Shell\Task\ModelTask.php(114): Bake\Shell\Task\ModelTask->getTableContext(Object(Cake\ORM\Table), 'cardapio', 'Cardapio')
#15 C:\wamp64\www\MVC\vendor\cakephp\bake\src\Shell\Task\ModelTask.php(101): Bake\Shell\Task\ModelTask->bake('Cardapio')
#16 C:\wamp64\www\MVC\vendor\cakephp\cakephp\src\Console\Shell.php(532): Bake\Shell\Task\ModelTask->main('Cardapio')
#17 C:\wamp64\www\MVC\vendor\cakephp\cakephp\src\Console\Shell.php(525): Cake\Console\Shell->runCommand(Array, false, Array)
#18 C:\wamp64\www\MVC\vendor\cakephp\cakephp\src\Console\CommandRunner.php(384): Cake\Console\Shell->runCommand(Array, true)
#19 C:\wamp64\www\MVC\vendor\cakephp\cakephp\src\Console\CommandRunner.php(162): Cake\Console\CommandRunner->runShell(Object(Bake\Shell\BakeShell), Array)
#20 C:\wamp64\www\MVC\bin\cake.php(12): Cake\Console\CommandRunner->run(Array)
#21 {main}


2020-10-29 00:40:21 Error: [Cake\Database\Exception] SQLSTATE[42S02]: Base table or view not found: 1146 Table 'creche.cardapio' doesn't exist in C:\wamp64\www\MVC\vendor\cakephp\cakephp\src\Database\Schema\Collection.php on line 133
Stack Trace:
#0 C:\wamp64\www\MVC\vendor\cakephp\cakephp\src\Database\Schema\Collection.php(99): Cake\Database\Schema\Collection->_reflect('Column', 'cardapio', Array, Object(Cake\Database\Schema\TableSchema))
#1 C:\wamp64\www\MVC\vendor\cakephp\cakephp\src\Database\Schema\CachedCollection.php(63): Cake\Database\Schema\Collection->describe('cardapio', Array)
#2 C:\wamp64\www\MVC\vendor\cakephp\cakephp\src\ORM\Table.php(560): Cake\Database\Schema\CachedCollection->describe('cardapio')
#3 C:\wamp64\www\MVC\vendor\cakephp\cakephp\src\ORM\Table.php(685): Cake\ORM\Table->getSchema()
#4 C:\wamp64\www\MVC\vendor\cakephp\bake\src\Shell\Task\TemplateTask.php(288): Cake\ORM\Table->getPrimaryKey()
#5 C:\wamp64\www\MVC\vendor\cakephp\bake\src\Shell\Task\TemplateTask.php(142): Bake\Shell\Task\TemplateTask->_loadController()
#6 C:\wamp64\www\MVC\vendor\cakephp\cakephp\src\Console\Shell.php(532): Bake\Shell\Task\TemplateTask->main('Cardapio')
#7 C:\wamp64\www\MVC\vendor\cakephp\cakephp\src\Console\Shell.php(525): Cake\Console\Shell->runCommand(Array, false, Array)
#8 C:\wamp64\www\MVC\vendor\cakephp\cakephp\src\Console\CommandRunner.php(384): Cake\Console\Shell->runCommand(Array, true)
#9 C:\wamp64\www\MVC\vendor\cakephp\cakephp\src\Console\CommandRunner.php(162): Cake\Console\CommandRunner->runShell(Object(Bake\Shell\BakeShell), Array)
#10 C:\wamp64\www\MVC\bin\cake.php(12): Cake\Console\CommandRunner->run(Array)
#11 {main}


Caused by: [PDOException] SQLSTATE[42S02]: Base table or view not found: 1146 Table 'creche.cardapio' doesn't exist in C:\wamp64\www\MVC\vendor\cakephp\cakephp\src\Database\Statement\MysqlStatement.php on line 39
Stack Trace:
#0 C:\wamp64\www\MVC\vendor\cakephp\cakephp\src\Database\Statement\MysqlStatement.php(39): PDOStatement->execute(NULL)
#1 C:\wamp64\www\MVC\vendor\cakephp\cakephp\src\Database\Connection.php(350): Cake\Database\Statement\MysqlStatement->execute()
#2 C:\wamp64\www\MVC\vendor\cakephp\cakephp\src\Core\Retry\CommandRetry.php(68): Cake\Database\Connection->Cake\Database\{closure}()
#3 C:\wamp64\www\MVC\vendor\cakephp\cakephp\src\Database\Connection.php(353): Cake\Core\Retry\CommandRetry->run(Object(Closure))
#4 C:\wamp64\www\MVC\vendor\cakephp\cakephp\src\Database\Connection.php(302): Cake\Database\Connection->query('SHOW FULL COLUM...')
#5 C:\wamp64\www\MVC\vendor\cakephp\cakephp\src\Core\Retry\CommandRetry.php(68): Cake\Database\Connection->Cake\Database\{closure}()
#6 C:\wamp64\www\MVC\vendor\cakephp\cakephp\src\Database\Connection.php(306): Cake\Core\Retry\CommandRetry->run(Object(Closure))
#7 C:\wamp64\www\MVC\vendor\cakephp\cakephp\src\Database\Schema\Collection.php(131): Cake\Database\Connection->execute('SHOW FULL COLUM...', Array)
#8 C:\wamp64\www\MVC\vendor\cakephp\cakephp\src\Database\Schema\Collection.php(99): Cake\Database\Schema\Collection->_reflect('Column', 'cardapio', Array, Object(Cake\Database\Schema\TableSchema))
#9 C:\wamp64\www\MVC\vendor\cakephp\cakephp\src\Database\Schema\CachedCollection.php(63): Cake\Database\Schema\Collection->describe('cardapio', Array)
#10 C:\wamp64\www\MVC\vendor\cakephp\cakephp\src\ORM\Table.php(560): Cake\Database\Schema\CachedCollection->describe('cardapio')
#11 C:\wamp64\www\MVC\vendor\cakephp\cakephp\src\ORM\Table.php(685): Cake\ORM\Table->getSchema()
#12 C:\wamp64\www\MVC\vendor\cakephp\bake\src\Shell\Task\TemplateTask.php(288): Cake\ORM\Table->getPrimaryKey()
#13 C:\wamp64\www\MVC\vendor\cakephp\bake\src\Shell\Task\TemplateTask.php(142): Bake\Shell\Task\TemplateTask->_loadController()
#14 C:\wamp64\www\MVC\vendor\cakephp\cakephp\src\Console\Shell.php(532): Bake\Shell\Task\TemplateTask->main('Cardapio')
#15 C:\wamp64\www\MVC\vendor\cakephp\cakephp\src\Console\Shell.php(525): Cake\Console\Shell->runCommand(Array, false, Array)
#16 C:\wamp64\www\MVC\vendor\cakephp\cakephp\src\Console\CommandRunner.php(384): Cake\Console\Shell->runCommand(Array, true)
#17 C:\wamp64\www\MVC\vendor\cakephp\cakephp\src\Console\CommandRunner.php(162): Cake\Console\CommandRunner->runShell(Object(Bake\Shell\BakeShell), Array)
#18 C:\wamp64\www\MVC\bin\cake.php(12): Cake\Console\CommandRunner->run(Array)
#19 {main}


2020-11-22 21:42:54 Error: [Cake\Database\Exception] SQLSTATE[42S02]: Base table or view not found: 1146 Table 'creche.responsaveisalunos' doesn't exist in C:\wamp64\www\MVC\vendor\cakephp\cakephp\src\Database\Schema\Collection.php on line 133
Stack Trace:
#0 C:\wamp64\www\MVC\vendor\cakephp\cakephp\src\Database\Schema\Collection.php(99): Cake\Database\Schema\Collection->_reflect('Column', 'responsaveisalu...', Array, Object(Cake\Database\Schema\TableSchema))
#1 C:\wamp64\www\MVC\vendor\cakephp\cakephp\src\Database\Schema\CachedCollection.php(63): Cake\Database\Schema\Collection->describe('responsaveisalu...', Array)
#2 C:\wamp64\www\MVC\vendor\cakephp\cakephp\src\ORM\Table.php(560): Cake\Database\Schema\CachedCollection->describe('responsaveisalu...')
#3 C:\wamp64\www\MVC\vendor\cakephp\cakephp\src\ORM\Table.php(685): Cake\ORM\Table->getSchema()
#4 C:\wamp64\www\MVC\vendor\cakephp\bake\src\Shell\Task\TemplateTask.php(288): Cake\ORM\Table->getPrimaryKey()
#5 C:\wamp64\www\MVC\vendor\cakephp\bake\src\Shell\Task\TemplateTask.php(142): Bake\Shell\Task\TemplateTask->_loadController()
#6 C:\wamp64\www\MVC\vendor\cakephp\cakephp\src\Console\Shell.php(532): Bake\Shell\Task\TemplateTask->main('Responsaveisalu...')
#7 C:\wamp64\www\MVC\vendor\cakephp\cakephp\src\Console\Shell.php(525): Cake\Console\Shell->runCommand(Array, false, Array)
#8 C:\wamp64\www\MVC\vendor\cakephp\cakephp\src\Console\CommandRunner.php(384): Cake\Console\Shell->runCommand(Array, true)
#9 C:\wamp64\www\MVC\vendor\cakephp\cakephp\src\Console\CommandRunner.php(162): Cake\Console\CommandRunner->runShell(Object(Bake\Shell\BakeShell), Array)
#10 C:\wamp64\www\MVC\bin\cake.php(12): Cake\Console\CommandRunner->run(Array)
#11 {main}


Caused by: [PDOException] SQLSTATE[42S02]: Base table or view not found: 1146 Table 'creche.responsaveisalunos' doesn't exist in C:\wamp64\www\MVC\vendor\cakephp\cakephp\src\Database\Statement\MysqlStatement.php on line 39
Stack Trace:
#0 C:\wamp64\www\MVC\vendor\cakephp\cakephp\src\Database\Statement\MysqlStatement.php(39): PDOStatement->execute(NULL)
#1 C:\wamp64\www\MVC\vendor\cakephp\cakephp\src\Database\Connection.php(350): Cake\Database\Statement\MysqlStatement->execute()
#2 C:\wamp64\www\MVC\vendor\cakephp\cakephp\src\Core\Retry\CommandRetry.php(68): Cake\Database\Connection->Cake\Database\{closure}()
#3 C:\wamp64\www\MVC\vendor\cakephp\cakephp\src\Database\Connection.php(353): Cake\Core\Retry\CommandRetry->run(Object(Closure))
#4 C:\wamp64\www\MVC\vendor\cakephp\cakephp\src\Database\Connection.php(302): Cake\Database\Connection->query('SHOW FULL COLUM...')
#5 C:\wamp64\www\MVC\vendor\cakephp\cakephp\src\Core\Retry\CommandRetry.php(68): Cake\Database\Connection->Cake\Database\{closure}()
#6 C:\wamp64\www\MVC\vendor\cakephp\cakephp\src\Database\Connection.php(306): Cake\Core\Retry\CommandRetry->run(Object(Closure))
#7 C:\wamp64\www\MVC\vendor\cakephp\cakephp\src\Database\Schema\Collection.php(131): Cake\Database\Connection->execute('SHOW FULL COLUM...', Array)
#8 C:\wamp64\www\MVC\vendor\cakephp\cakephp\src\Database\Schema\Collection.php(99): Cake\Database\Schema\Collection->_reflect('Column', 'responsaveisalu...', Array, Object(Cake\Database\Schema\TableSchema))
#9 C:\wamp64\www\MVC\vendor\cakephp\cakephp\src\Database\Schema\CachedCollection.php(63): Cake\Database\Schema\Collection->describe('responsaveisalu...', Array)
#10 C:\wamp64\www\MVC\vendor\cakephp\cakephp\src\ORM\Table.php(560): Cake\Database\Schema\CachedCollection->describe('responsaveisalu...')
#11 C:\wamp64\www\MVC\vendor\cakephp\cakephp\src\ORM\Table.php(685): Cake\ORM\Table->getSchema()
#12 C:\wamp64\www\MVC\vendor\cakephp\bake\src\Shell\Task\TemplateTask.php(288): Cake\ORM\Table->getPrimaryKey()
#13 C:\wamp64\www\MVC\vendor\cakephp\bake\src\Shell\Task\TemplateTask.php(142): Bake\Shell\Task\TemplateTask->_loadController()
#14 C:\wamp64\www\MVC\vendor\cakephp\cakephp\src\Console\Shell.php(532): Bake\Shell\Task\TemplateTask->main('Responsaveisalu...')
#15 C:\wamp64\www\MVC\vendor\cakephp\cakephp\src\Console\Shell.php(525): Cake\Console\Shell->runCommand(Array, false, Array)
#16 C:\wamp64\www\MVC\vendor\cakephp\cakephp\src\Console\CommandRunner.php(384): Cake\Console\Shell->runCommand(Array, true)
#17 C:\wamp64\www\MVC\vendor\cakephp\cakephp\src\Console\CommandRunner.php(162): Cake\Console\CommandRunner->runShell(Object(Bake\Shell\BakeShell), Array)
#18 C:\wamp64\www\MVC\bin\cake.php(12): Cake\Console\CommandRunner->run(Array)
#19 {main}


2020-11-24 22:47:02 Error: [RuntimeException] Unknown command `cake migration`. Run `cake --help` to get the list of valid commands. in C:\xampp\htdocs\MVC\vendor\cakephp\cakephp\src\Console\CommandRunner.php on line 346
Stack Trace:
#0 C:\xampp\htdocs\MVC\vendor\cakephp\cakephp\src\Console\CommandRunner.php(157): Cake\Console\CommandRunner->resolveName(Object(Cake\Console\CommandCollection), Object(Cake\Console\ConsoleIo), 'migration')
#1 C:\xampp\htdocs\MVC\bin\cake.php(12): Cake\Console\CommandRunner->run(Array)
#2 {main}


