2020-09-16 18:46:38 Error: [Cake\Database\Exception\MissingExtensionException] Database driver Cake\Database\Driver\Mysql cannot be used due to a missing PHP extension or unmet dependency in /var/www/html/sistb_prototipo/vendor/cakephp/cakephp/src/Database/Connection.php on line 179
Exception Attributes: array (
  'driver' => 'Cake\\Database\\Driver\\Mysql',
)
Stack Trace:
#0 /var/www/html/sistb_prototipo/vendor/cakephp/cakephp/src/Database/Connection.php(120): Cake\Database\Connection->setDriver(Object(Cake\Database\Driver\Mysql), Array)
#1 /var/www/html/sistb_prototipo/vendor/cakephp/cakephp/src/Datasource/ConnectionRegistry.php(89): Cake\Database\Connection->__construct(Array)
#2 /var/www/html/sistb_prototipo/vendor/cakephp/cakephp/src/Core/ObjectRegistry.php(97): Cake\Datasource\ConnectionRegistry->_create('Cake\\Database\\C...', 'default', Array)
#3 /var/www/html/sistb_prototipo/vendor/cakephp/cakephp/src/Datasource/ConnectionManager.php(205): Cake\Core\ObjectRegistry->load('Cake\\Database\\C...', Array)
#4 /var/www/html/sistb_prototipo/vendor/cakephp/debug_kit/src/Panel/SqlLogPanel.php(50): Cake\Datasource\ConnectionManager::get('default')
#5 /var/www/html/sistb_prototipo/vendor/cakephp/debug_kit/src/ToolbarService.php(196): DebugKit\Panel\SqlLogPanel->initialize()
#6 /var/www/html/sistb_prototipo/vendor/cakephp/debug_kit/src/Middleware/DebugKitMiddleware.php(52): DebugKit\ToolbarService->initializePanels()
#7 /var/www/html/sistb_prototipo/vendor/cakephp/cakephp/src/Http/Runner.php(65): DebugKit\Middleware\DebugKitMiddleware->__invoke(Object(Cake\Http\ServerRequest), Object(Cake\Http\Response), Object(Cake\Http\Runner))
#8 /var/www/html/sistb_prototipo/vendor/cakephp/cakephp/src/Http/Runner.php(51): Cake\Http\Runner->__invoke(Object(Cake\Http\ServerRequest), Object(Cake\Http\Response))
#9 /var/www/html/sistb_prototipo/vendor/cakephp/cakephp/src/Http/Server.php(98): Cake\Http\Runner->run(Object(Cake\Http\MiddlewareQueue), Object(Cake\Http\ServerRequest), Object(Cake\Http\Response))
#10 /var/www/html/sistb_prototipo/webroot/index.php(40): Cake\Http\Server->run()
#11 {main}


2020-09-16 18:49:34 Error: [Cake\Database\Exception\MissingExtensionException] Database driver Cake\Database\Driver\Mysql cannot be used due to a missing PHP extension or unmet dependency in /var/www/html/sistb_prototipo/vendor/cakephp/cakephp/src/Database/Connection.php on line 179
Exception Attributes: array (
  'driver' => 'Cake\\Database\\Driver\\Mysql',
)
Stack Trace:
#0 /var/www/html/sistb_prototipo/vendor/cakephp/cakephp/src/Database/Connection.php(120): Cake\Database\Connection->setDriver(Object(Cake\Database\Driver\Mysql), Array)
#1 /var/www/html/sistb_prototipo/vendor/cakephp/cakephp/src/Datasource/ConnectionRegistry.php(89): Cake\Database\Connection->__construct(Array)
#2 /var/www/html/sistb_prototipo/vendor/cakephp/cakephp/src/Core/ObjectRegistry.php(97): Cake\Datasource\ConnectionRegistry->_create('Cake\\Database\\C...', 'default', Array)
#3 /var/www/html/sistb_prototipo/vendor/cakephp/cakephp/src/Datasource/ConnectionManager.php(205): Cake\Core\ObjectRegistry->load('Cake\\Database\\C...', Array)
#4 /var/www/html/sistb_prototipo/vendor/cakephp/debug_kit/src/Panel/SqlLogPanel.php(50): Cake\Datasource\ConnectionManager::get('default')
#5 /var/www/html/sistb_prototipo/vendor/cakephp/debug_kit/src/ToolbarService.php(196): DebugKit\Panel\SqlLogPanel->initialize()
#6 /var/www/html/sistb_prototipo/vendor/cakephp/debug_kit/src/Middleware/DebugKitMiddleware.php(52): DebugKit\ToolbarService->initializePanels()
#7 /var/www/html/sistb_prototipo/vendor/cakephp/cakephp/src/Http/Runner.php(65): DebugKit\Middleware\DebugKitMiddleware->__invoke(Object(Cake\Http\ServerRequest), Object(Cake\Http\Response), Object(Cake\Http\Runner))
#8 /var/www/html/sistb_prototipo/vendor/cakephp/cakephp/src/Http/Runner.php(51): Cake\Http\Runner->__invoke(Object(Cake\Http\ServerRequest), Object(Cake\Http\Response))
#9 /var/www/html/sistb_prototipo/vendor/cakephp/cakephp/src/Http/Server.php(98): Cake\Http\Runner->run(Object(Cake\Http\MiddlewareQueue), Object(Cake\Http\ServerRequest), Object(Cake\Http\Response))
#10 /var/www/html/sistb_prototipo/webroot/index.php(40): Cake\Http\Server->run()
#11 {main}


2020-09-16 18:49:35 Error: [Cake\Database\Exception\MissingExtensionException] Database driver Cake\Database\Driver\Mysql cannot be used due to a missing PHP extension or unmet dependency in /var/www/html/sistb_prototipo/vendor/cakephp/cakephp/src/Database/Connection.php on line 179
Exception Attributes: array (
  'driver' => 'Cake\\Database\\Driver\\Mysql',
)
Stack Trace:
#0 /var/www/html/sistb_prototipo/vendor/cakephp/cakephp/src/Database/Connection.php(120): Cake\Database\Connection->setDriver(Object(Cake\Database\Driver\Mysql), Array)
#1 /var/www/html/sistb_prototipo/vendor/cakephp/cakephp/src/Datasource/ConnectionRegistry.php(89): Cake\Database\Connection->__construct(Array)
#2 /var/www/html/sistb_prototipo/vendor/cakephp/cakephp/src/Core/ObjectRegistry.php(97): Cake\Datasource\ConnectionRegistry->_create('Cake\\Database\\C...', 'default', Array)
#3 /var/www/html/sistb_prototipo/vendor/cakephp/cakephp/src/Datasource/ConnectionManager.php(205): Cake\Core\ObjectRegistry->load('Cake\\Database\\C...', Array)
#4 /var/www/html/sistb_prototipo/vendor/cakephp/debug_kit/src/Panel/SqlLogPanel.php(50): Cake\Datasource\ConnectionManager::get('default')
#5 /var/www/html/sistb_prototipo/vendor/cakephp/debug_kit/src/ToolbarService.php(196): DebugKit\Panel\SqlLogPanel->initialize()
#6 /var/www/html/sistb_prototipo/vendor/cakephp/debug_kit/src/Middleware/DebugKitMiddleware.php(52): DebugKit\ToolbarService->initializePanels()
#7 /var/www/html/sistb_prototipo/vendor/cakephp/cakephp/src/Http/Runner.php(65): DebugKit\Middleware\DebugKitMiddleware->__invoke(Object(Cake\Http\ServerRequest), Object(Cake\Http\Response), Object(Cake\Http\Runner))
#8 /var/www/html/sistb_prototipo/vendor/cakephp/cakephp/src/Http/Runner.php(51): Cake\Http\Runner->__invoke(Object(Cake\Http\ServerRequest), Object(Cake\Http\Response))
#9 /var/www/html/sistb_prototipo/vendor/cakephp/cakephp/src/Http/Server.php(98): Cake\Http\Runner->run(Object(Cake\Http\MiddlewareQueue), Object(Cake\Http\ServerRequest), Object(Cake\Http\Response))
#10 /var/www/html/sistb_prototipo/webroot/index.php(40): Cake\Http\Server->run()
#11 {main}


2020-09-24 00:48:29 Error: [Cake\Routing\Exception\MissingControllerException] Controller class Mvc could not be found.
Exception Attributes: array (
  'class' => 'Mvc',
  'plugin' => false,
  'prefix' => false,
  '_ext' => false,
)
#0 C:\xampp\htdocs\MVC\vendor\cakephp\cakephp\src\Http\ControllerFactory.php(39): Cake\Http\ControllerFactory->missingController(Object(Cake\Http\ServerRequest))
#1 C:\xampp\htdocs\MVC\vendor\cakephp\cakephp\src\Http\ActionDispatcher.php(91): Cake\Http\ControllerFactory->create(Object(Cake\Http\ServerRequest), Object(Cake\Http\Response))
#2 C:\xampp\htdocs\MVC\vendor\cakephp\cakephp\src\Http\BaseApplication.php(235): Cake\Http\ActionDispatcher->dispatch(Object(Cake\Http\ServerRequest), Object(Cake\Http\Response))
#3 C:\xampp\htdocs\MVC\vendor\cakephp\cakephp\src\Http\Runner.php(65): Cake\Http\BaseApplication->__invoke(Object(Cake\Http\ServerRequest), Object(Cake\Http\Response), Object(Cake\Http\Runner))
#4 C:\xampp\htdocs\MVC\vendor\cakephp\cakephp\src\Http\Runner.php(65): Cake\Http\Runner->__invoke(Object(Cake\Http\ServerRequest), Object(Cake\Http\Response), Object(Cake\Http\Runner))
#5 C:\xampp\htdocs\MVC\vendor\cakephp\cakephp\src\Http\Middleware\CsrfProtectionMiddleware.php(104): Cake\Http\Runner->__invoke(Object(Cake\Http\ServerRequest), Object(Cake\Http\Response))
#6 C:\xampp\htdocs\MVC\vendor\cakephp\cakephp\src\Http\Runner.php(65): Cake\Http\Middleware\CsrfProtectionMiddleware->__invoke(Object(Cake\Http\ServerRequest), Object(Cake\Http\Response), Object(Cake\Http\Runner))
#7 C:\xampp\htdocs\MVC\vendor\cakephp\cakephp\src\Http\Runner.php(51): Cake\Http\Runner->__invoke(Object(Cake\Http\ServerRequest), Object(Cake\Http\Response))
#8 C:\xampp\htdocs\MVC\vendor\cakephp\cakephp\src\Routing\Middleware\RoutingMiddleware.php(168): Cake\Http\Runner->run(Object(Cake\Http\MiddlewareQueue), Object(Cake\Http\ServerRequest), Object(Cake\Http\Response))
#9 C:\xampp\htdocs\MVC\vendor\cakephp\cakephp\src\Http\Runner.php(65): Cake\Routing\Middleware\RoutingMiddleware->__invoke(Object(Cake\Http\ServerRequest), Object(Cake\Http\Response), Object(Cake\Http\Runner))
#10 C:\xampp\htdocs\MVC\vendor\cakephp\cakephp\src\Routing\Middleware\AssetMiddleware.php(88): Cake\Http\Runner->__invoke(Object(Cake\Http\ServerRequest), Object(Cake\Http\Response))
#11 C:\xampp\htdocs\MVC\vendor\cakephp\cakephp\src\Http\Runner.php(65): Cake\Routing\Middleware\AssetMiddleware->__invoke(Object(Cake\Http\ServerRequest), Object(Cake\Http\Response), Object(Cake\Http\Runner))
#12 C:\xampp\htdocs\MVC\vendor\cakephp\cakephp\src\Error\Middleware\ErrorHandlerMiddleware.php(96): Cake\Http\Runner->__invoke(Object(Cake\Http\ServerRequest), Object(Cake\Http\Response))
#13 C:\xampp\htdocs\MVC\vendor\cakephp\cakephp\src\Http\Runner.php(65): Cake\Error\Middleware\ErrorHandlerMiddleware->__invoke(Object(Cake\Http\ServerRequest), Object(Cake\Http\Response), Object(Cake\Http\Runner))
#14 C:\xampp\htdocs\MVC\vendor\cakephp\debug_kit\src\Middleware\DebugKitMiddleware.php(53): Cake\Http\Runner->__invoke(Object(Cake\Http\ServerRequest), Object(Cake\Http\Response))
#15 C:\xampp\htdocs\MVC\vendor\cakephp\cakephp\src\Http\Runner.php(65): DebugKit\Middleware\DebugKitMiddleware->__invoke(Object(Cake\Http\ServerRequest), Object(Cake\Http\Response), Object(Cake\Http\Runner))
#16 C:\xampp\htdocs\MVC\vendor\cakephp\cakephp\src\Http\Runner.php(51): Cake\Http\Runner->__invoke(Object(Cake\Http\ServerRequest), Object(Cake\Http\Response))
#17 C:\xampp\htdocs\MVC\vendor\cakephp\cakephp\src\Http\Server.php(98): Cake\Http\Runner->run(Object(Cake\Http\MiddlewareQueue), Object(Cake\Http\ServerRequest), Object(Cake\Http\Response))
#18 C:\xampp\htdocs\MVC\webroot\index.php(40): Cake\Http\Server->run()
#19 {main}
Request URL: /mvc/


